[2024-05-01T11:33:57.254+0000] {taskinstance.py:1165} INFO - Dependencies all met for <TaskInstance: parallel_dag.transform manual__2024-05-01T11:33:50.676338+00:00 [queued]>
[2024-05-01T11:33:57.266+0000] {taskinstance.py:1165} INFO - Dependencies all met for <TaskInstance: parallel_dag.transform manual__2024-05-01T11:33:50.676338+00:00 [queued]>
[2024-05-01T11:33:57.267+0000] {taskinstance.py:1362} INFO - 
--------------------------------------------------------------------------------
[2024-05-01T11:33:57.267+0000] {taskinstance.py:1363} INFO - Starting attempt 1 of 1
[2024-05-01T11:33:57.267+0000] {taskinstance.py:1364} INFO - 
--------------------------------------------------------------------------------
[2024-05-01T11:33:57.280+0000] {taskinstance.py:1383} INFO - Executing <Task(BashOperator): transform> on 2024-05-01 11:33:50.676338+00:00
[2024-05-01T11:33:57.285+0000] {standard_task_runner.py:55} INFO - Started process 169 to run task
[2024-05-01T11:33:57.288+0000] {standard_task_runner.py:82} INFO - Running: ['***', 'tasks', 'run', 'parallel_dag', 'transform', 'manual__2024-05-01T11:33:50.676338+00:00', '--job-id', '33', '--raw', '--subdir', 'DAGS_FOLDER/parallel_dag.py', '--cfg-path', '/tmp/tmp52aqn4xr']
[2024-05-01T11:33:57.288+0000] {standard_task_runner.py:83} INFO - Job 33: Subtask transform
[2024-05-01T11:33:57.343+0000] {task_command.py:376} INFO - Running <TaskInstance: parallel_dag.transform manual__2024-05-01T11:33:50.676338+00:00 [running]> on host ea178b2ed199
[2024-05-01T11:33:57.405+0000] {taskinstance.py:1592} INFO - Exporting the following env vars:
AIRFLOW_CTX_DAG_OWNER=***
AIRFLOW_CTX_DAG_ID=parallel_dag
AIRFLOW_CTX_TASK_ID=transform
AIRFLOW_CTX_EXECUTION_DATE=2024-05-01T11:33:50.676338+00:00
AIRFLOW_CTX_TRY_NUMBER=1
AIRFLOW_CTX_DAG_RUN_ID=manual__2024-05-01T11:33:50.676338+00:00
[2024-05-01T11:33:57.406+0000] {subprocess.py:63} INFO - Tmp dir root location: 
 /tmp
[2024-05-01T11:33:57.407+0000] {subprocess.py:75} INFO - Running command: ['/bin/bash', '-c', 'sleep 1']
[2024-05-01T11:33:57.418+0000] {subprocess.py:86} INFO - Output:
[2024-05-01T11:33:58.421+0000] {subprocess.py:97} INFO - Command exited with return code 0
[2024-05-01T11:33:58.451+0000] {taskinstance.py:1406} INFO - Marking task as SUCCESS. dag_id=parallel_dag, task_id=transform, execution_date=20240501T113350, start_date=20240501T113357, end_date=20240501T113358
[2024-05-01T11:33:58.504+0000] {local_task_job.py:164} INFO - Task exited with return code 0
[2024-05-01T11:33:58.529+0000] {local_task_job.py:273} INFO - 0 downstream tasks scheduled from follow-on schedule check
