[2024-05-01T10:55:09.820+0000] {taskinstance.py:1165} INFO - Dependencies all met for <TaskInstance: parallel_dag.load_b manual__2024-05-01T10:55:07.212739+00:00 [queued]>
[2024-05-01T10:55:09.830+0000] {taskinstance.py:1165} INFO - Dependencies all met for <TaskInstance: parallel_dag.load_b manual__2024-05-01T10:55:07.212739+00:00 [queued]>
[2024-05-01T10:55:09.831+0000] {taskinstance.py:1362} INFO - 
--------------------------------------------------------------------------------
[2024-05-01T10:55:09.831+0000] {taskinstance.py:1363} INFO - Starting attempt 1 of 1
[2024-05-01T10:55:09.832+0000] {taskinstance.py:1364} INFO - 
--------------------------------------------------------------------------------
[2024-05-01T10:55:09.847+0000] {taskinstance.py:1383} INFO - Executing <Task(BashOperator): load_b> on 2024-05-01 10:55:07.212739+00:00
[2024-05-01T10:55:09.853+0000] {standard_task_runner.py:55} INFO - Started process 284 to run task
[2024-05-01T10:55:09.855+0000] {standard_task_runner.py:82} INFO - Running: ['***', 'tasks', 'run', 'parallel_dag', 'load_b', 'manual__2024-05-01T10:55:07.212739+00:00', '--job-id', '22', '--raw', '--subdir', 'DAGS_FOLDER/parallel_dag.py', '--cfg-path', '/tmp/tmp1jo9m8ag']
[2024-05-01T10:55:09.856+0000] {standard_task_runner.py:83} INFO - Job 22: Subtask load_b
[2024-05-01T10:55:09.972+0000] {task_command.py:376} INFO - Running <TaskInstance: parallel_dag.load_b manual__2024-05-01T10:55:07.212739+00:00 [running]> on host 3081978b9eea
[2024-05-01T10:55:10.107+0000] {taskinstance.py:1592} INFO - Exporting the following env vars:
AIRFLOW_CTX_DAG_OWNER=***
AIRFLOW_CTX_DAG_ID=parallel_dag
AIRFLOW_CTX_TASK_ID=load_b
AIRFLOW_CTX_EXECUTION_DATE=2024-05-01T10:55:07.212739+00:00
AIRFLOW_CTX_TRY_NUMBER=1
AIRFLOW_CTX_DAG_RUN_ID=manual__2024-05-01T10:55:07.212739+00:00
[2024-05-01T10:55:10.113+0000] {subprocess.py:63} INFO - Tmp dir root location: 
 /tmp
[2024-05-01T10:55:10.115+0000] {subprocess.py:75} INFO - Running command: ['/bin/bash', '-c', 'sleep 1']
[2024-05-01T10:55:10.131+0000] {subprocess.py:86} INFO - Output:
[2024-05-01T10:55:11.134+0000] {subprocess.py:97} INFO - Command exited with return code 0
[2024-05-01T10:55:11.157+0000] {taskinstance.py:1406} INFO - Marking task as SUCCESS. dag_id=parallel_dag, task_id=load_b, execution_date=20240501T105507, start_date=20240501T105509, end_date=20240501T105511
[2024-05-01T10:55:11.191+0000] {local_task_job.py:164} INFO - Task exited with return code 0
[2024-05-01T10:55:11.211+0000] {local_task_job.py:273} INFO - 1 downstream tasks scheduled from follow-on schedule check
