[2024-05-01T14:02:28.651+0000] {taskinstance.py:1165} INFO - Dependencies all met for <TaskInstance: group_dag.downloads.download_b manual__2024-05-01T14:02:27.444456+00:00 [queued]>
[2024-05-01T14:02:28.666+0000] {taskinstance.py:1165} INFO - Dependencies all met for <TaskInstance: group_dag.downloads.download_b manual__2024-05-01T14:02:27.444456+00:00 [queued]>
[2024-05-01T14:02:28.666+0000] {taskinstance.py:1362} INFO - 
--------------------------------------------------------------------------------
[2024-05-01T14:02:28.667+0000] {taskinstance.py:1363} INFO - Starting attempt 1 of 1
[2024-05-01T14:02:28.667+0000] {taskinstance.py:1364} INFO - 
--------------------------------------------------------------------------------
[2024-05-01T14:02:28.684+0000] {taskinstance.py:1383} INFO - Executing <Task(BashOperator): downloads.download_b> on 2024-05-01 14:02:27.444456+00:00
[2024-05-01T14:02:28.692+0000] {standard_task_runner.py:55} INFO - Started process 7340 to run task
[2024-05-01T14:02:28.696+0000] {standard_task_runner.py:82} INFO - Running: ['***', 'tasks', 'run', 'group_dag', 'downloads.download_b', 'manual__2024-05-01T14:02:27.444456+00:00', '--job-id', '42', '--raw', '--subdir', 'DAGS_FOLDER/group_dag.py', '--cfg-path', '/tmp/tmpnto3ex2i']
[2024-05-01T14:02:28.697+0000] {standard_task_runner.py:83} INFO - Job 42: Subtask downloads.download_b
[2024-05-01T14:02:28.765+0000] {task_command.py:376} INFO - Running <TaskInstance: group_dag.downloads.download_b manual__2024-05-01T14:02:27.444456+00:00 [running]> on host 2b3d48884d47
[2024-05-01T14:02:28.844+0000] {taskinstance.py:1592} INFO - Exporting the following env vars:
AIRFLOW_CTX_DAG_OWNER=***
AIRFLOW_CTX_DAG_ID=group_dag
AIRFLOW_CTX_TASK_ID=downloads.download_b
AIRFLOW_CTX_EXECUTION_DATE=2024-05-01T14:02:27.444456+00:00
AIRFLOW_CTX_TRY_NUMBER=1
AIRFLOW_CTX_DAG_RUN_ID=manual__2024-05-01T14:02:27.444456+00:00
[2024-05-01T14:02:28.846+0000] {subprocess.py:63} INFO - Tmp dir root location: 
 /tmp
[2024-05-01T14:02:28.847+0000] {subprocess.py:75} INFO - Running command: ['/bin/bash', '-c', 'sleep 10']
[2024-05-01T14:02:28.862+0000] {subprocess.py:86} INFO - Output:
[2024-05-01T14:02:38.871+0000] {subprocess.py:97} INFO - Command exited with return code 0
[2024-05-01T14:02:38.901+0000] {taskinstance.py:1406} INFO - Marking task as SUCCESS. dag_id=group_dag, task_id=downloads.download_b, execution_date=20240501T140227, start_date=20240501T140228, end_date=20240501T140238
[2024-05-01T14:02:38.963+0000] {local_task_job.py:164} INFO - Task exited with return code 0
[2024-05-01T14:02:38.996+0000] {local_task_job.py:273} INFO - 1 downstream tasks scheduled from follow-on schedule check
