[2024-05-01T11:33:54.952+0000] {taskinstance.py:1165} INFO - Dependencies all met for <TaskInstance: parallel_dag.load_b manual__2024-05-01T11:33:50.676338+00:00 [queued]>
[2024-05-01T11:33:54.961+0000] {taskinstance.py:1165} INFO - Dependencies all met for <TaskInstance: parallel_dag.load_b manual__2024-05-01T11:33:50.676338+00:00 [queued]>
[2024-05-01T11:33:54.962+0000] {taskinstance.py:1362} INFO - 
--------------------------------------------------------------------------------
[2024-05-01T11:33:54.962+0000] {taskinstance.py:1363} INFO - Starting attempt 1 of 1
[2024-05-01T11:33:54.962+0000] {taskinstance.py:1364} INFO - 
--------------------------------------------------------------------------------
[2024-05-01T11:33:54.976+0000] {taskinstance.py:1383} INFO - Executing <Task(BashOperator): load_b> on 2024-05-01 11:33:50.676338+00:00
[2024-05-01T11:33:54.982+0000] {standard_task_runner.py:55} INFO - Started process 178 to run task
[2024-05-01T11:33:54.984+0000] {standard_task_runner.py:82} INFO - Running: ['***', 'tasks', 'run', 'parallel_dag', 'load_b', 'manual__2024-05-01T11:33:50.676338+00:00', '--job-id', '32', '--raw', '--subdir', 'DAGS_FOLDER/parallel_dag.py', '--cfg-path', '/tmp/tmp_8fjyp84']
[2024-05-01T11:33:54.985+0000] {standard_task_runner.py:83} INFO - Job 32: Subtask load_b
[2024-05-01T11:33:55.042+0000] {task_command.py:376} INFO - Running <TaskInstance: parallel_dag.load_b manual__2024-05-01T11:33:50.676338+00:00 [running]> on host 2b3d48884d47
[2024-05-01T11:33:55.119+0000] {taskinstance.py:1592} INFO - Exporting the following env vars:
AIRFLOW_CTX_DAG_OWNER=***
AIRFLOW_CTX_DAG_ID=parallel_dag
AIRFLOW_CTX_TASK_ID=load_b
AIRFLOW_CTX_EXECUTION_DATE=2024-05-01T11:33:50.676338+00:00
AIRFLOW_CTX_TRY_NUMBER=1
AIRFLOW_CTX_DAG_RUN_ID=manual__2024-05-01T11:33:50.676338+00:00
[2024-05-01T11:33:55.121+0000] {subprocess.py:63} INFO - Tmp dir root location: 
 /tmp
[2024-05-01T11:33:55.122+0000] {subprocess.py:75} INFO - Running command: ['/bin/bash', '-c', 'sleep 1']
[2024-05-01T11:33:55.132+0000] {subprocess.py:86} INFO - Output:
[2024-05-01T11:33:56.134+0000] {subprocess.py:97} INFO - Command exited with return code 0
[2024-05-01T11:33:56.159+0000] {taskinstance.py:1406} INFO - Marking task as SUCCESS. dag_id=parallel_dag, task_id=load_b, execution_date=20240501T113350, start_date=20240501T113354, end_date=20240501T113356
[2024-05-01T11:33:56.200+0000] {local_task_job.py:164} INFO - Task exited with return code 0
[2024-05-01T11:33:56.223+0000] {local_task_job.py:273} INFO - 1 downstream tasks scheduled from follow-on schedule check
