[2024-05-01T13:45:51.657+0000] {taskinstance.py:1165} INFO - Dependencies all met for <TaskInstance: group_dag.downloads.download_b scheduled__2024-04-30T00:00:00+00:00 [queued]>
[2024-05-01T13:45:51.685+0000] {taskinstance.py:1165} INFO - Dependencies all met for <TaskInstance: group_dag.downloads.download_b scheduled__2024-04-30T00:00:00+00:00 [queued]>
[2024-05-01T13:45:51.686+0000] {taskinstance.py:1362} INFO - 
--------------------------------------------------------------------------------
[2024-05-01T13:45:51.686+0000] {taskinstance.py:1363} INFO - Starting attempt 1 of 1
[2024-05-01T13:45:51.687+0000] {taskinstance.py:1364} INFO - 
--------------------------------------------------------------------------------
[2024-05-01T13:45:51.733+0000] {taskinstance.py:1383} INFO - Executing <Task(BashOperator): download_b> on 2024-04-30 00:00:00+00:00
[2024-05-01T13:45:51.744+0000] {standard_task_runner.py:55} INFO - Started process 6528 to run task
[2024-05-01T13:45:51.764+0000] {standard_task_runner.py:82} INFO - Running: ['***', 'tasks', 'run', 'group_dag.downloads', 'download_b', 'scheduled__2024-04-30T00:00:00+00:00', '--job-id', '36', '--raw', '--subdir', 'DAGS_FOLDER/group_dag.py', '--cfg-path', '/tmp/tmpu_ywdm_b']
[2024-05-01T13:45:51.765+0000] {standard_task_runner.py:83} INFO - Job 36: Subtask download_b
[2024-05-01T13:45:51.882+0000] {task_command.py:376} INFO - Running <TaskInstance: group_dag.downloads.download_b scheduled__2024-04-30T00:00:00+00:00 [running]> on host 2b3d48884d47
[2024-05-01T13:45:52.219+0000] {taskinstance.py:1592} INFO - Exporting the following env vars:
AIRFLOW_CTX_DAG_OWNER=***
AIRFLOW_CTX_DAG_ID=group_dag.downloads
AIRFLOW_CTX_TASK_ID=download_b
AIRFLOW_CTX_EXECUTION_DATE=2024-04-30T00:00:00+00:00
AIRFLOW_CTX_TRY_NUMBER=1
AIRFLOW_CTX_DAG_RUN_ID=scheduled__2024-04-30T00:00:00+00:00
[2024-05-01T13:45:52.225+0000] {subprocess.py:63} INFO - Tmp dir root location: 
 /tmp
[2024-05-01T13:45:52.229+0000] {subprocess.py:75} INFO - Running command: ['/bin/bash', '-c', 'sleep 10']
[2024-05-01T13:45:52.248+0000] {subprocess.py:86} INFO - Output:
[2024-05-01T13:46:02.251+0000] {subprocess.py:97} INFO - Command exited with return code 0
[2024-05-01T13:46:02.281+0000] {taskinstance.py:1406} INFO - Marking task as SUCCESS. dag_id=group_dag.downloads, task_id=download_b, execution_date=20240430T000000, start_date=20240501T134551, end_date=20240501T134602
[2024-05-01T13:46:02.339+0000] {local_task_job.py:164} INFO - Task exited with return code 0
[2024-05-01T13:46:02.360+0000] {local_task_job.py:273} INFO - 0 downstream tasks scheduled from follow-on schedule check
