[2024-05-01T16:05:18.625+0000] {taskinstance.py:1165} INFO - Dependencies all met for <TaskInstance: xcom_dag.t2 manual__2024-05-01T16:05:14.611882+00:00 [queued]>
[2024-05-01T16:05:18.641+0000] {taskinstance.py:1165} INFO - Dependencies all met for <TaskInstance: xcom_dag.t2 manual__2024-05-01T16:05:14.611882+00:00 [queued]>
[2024-05-01T16:05:18.642+0000] {taskinstance.py:1362} INFO - 
--------------------------------------------------------------------------------
[2024-05-01T16:05:18.642+0000] {taskinstance.py:1363} INFO - Starting attempt 1 of 1
[2024-05-01T16:05:18.642+0000] {taskinstance.py:1364} INFO - 
--------------------------------------------------------------------------------
[2024-05-01T16:05:18.661+0000] {taskinstance.py:1383} INFO - Executing <Task(PythonOperator): t2> on 2024-05-01 16:05:14.611882+00:00
[2024-05-01T16:05:18.667+0000] {standard_task_runner.py:55} INFO - Started process 13236 to run task
[2024-05-01T16:05:18.670+0000] {standard_task_runner.py:82} INFO - Running: ['***', 'tasks', 'run', 'xcom_dag', 't2', 'manual__2024-05-01T16:05:14.611882+00:00', '--job-id', '60', '--raw', '--subdir', 'DAGS_FOLDER/xcom_dag.py', '--cfg-path', '/tmp/tmp5l19y_gx']
[2024-05-01T16:05:18.670+0000] {standard_task_runner.py:83} INFO - Job 60: Subtask t2
[2024-05-01T16:05:18.744+0000] {task_command.py:376} INFO - Running <TaskInstance: xcom_dag.t2 manual__2024-05-01T16:05:14.611882+00:00 [running]> on host 2b3d48884d47
[2024-05-01T16:05:18.814+0000] {taskinstance.py:1592} INFO - Exporting the following env vars:
AIRFLOW_CTX_DAG_OWNER=***
AIRFLOW_CTX_DAG_ID=xcom_dag
AIRFLOW_CTX_TASK_ID=t2
AIRFLOW_CTX_EXECUTION_DATE=2024-05-01T16:05:14.611882+00:00
AIRFLOW_CTX_TRY_NUMBER=1
AIRFLOW_CTX_DAG_RUN_ID=manual__2024-05-01T16:05:14.611882+00:00
[2024-05-01T16:05:18.822+0000] {logging_mixin.py:120} INFO - 42
[2024-05-01T16:05:18.823+0000] {python.py:177} INFO - Done. Returned value was: None
[2024-05-01T16:05:18.833+0000] {taskinstance.py:1406} INFO - Marking task as SUCCESS. dag_id=xcom_dag, task_id=t2, execution_date=20240501T160514, start_date=20240501T160518, end_date=20240501T160518
[2024-05-01T16:05:18.882+0000] {local_task_job.py:164} INFO - Task exited with return code 0
[2024-05-01T16:05:18.900+0000] {local_task_job.py:273} INFO - 0 downstream tasks scheduled from follow-on schedule check
