[2024-04-30T10:13:32.812+0000] {taskinstance.py:1165} INFO - Dependencies all met for <TaskInstance: example_bash_operator.also_run_this scheduled__2024-04-29T00:00:00+00:00 [queued]>
[2024-04-30T10:13:32.823+0000] {taskinstance.py:1165} INFO - Dependencies all met for <TaskInstance: example_bash_operator.also_run_this scheduled__2024-04-29T00:00:00+00:00 [queued]>
[2024-04-30T10:13:32.823+0000] {taskinstance.py:1362} INFO - 
--------------------------------------------------------------------------------
[2024-04-30T10:13:32.824+0000] {taskinstance.py:1363} INFO - Starting attempt 2 of 2
[2024-04-30T10:13:32.824+0000] {taskinstance.py:1364} INFO - 
--------------------------------------------------------------------------------
[2024-04-30T10:13:32.842+0000] {taskinstance.py:1383} INFO - Executing <Task(BashOperator): also_run_this> on 2024-04-29 00:00:00+00:00
[2024-04-30T10:13:32.849+0000] {standard_task_runner.py:55} INFO - Started process 829 to run task
[2024-04-30T10:13:32.853+0000] {standard_task_runner.py:82} INFO - Running: ['***', 'tasks', 'run', 'example_bash_operator', 'also_run_this', 'scheduled__2024-04-29T00:00:00+00:00', '--job-id', '9', '--raw', '--subdir', '/home/***/.local/lib/python3.7/site-packages/***/example_dags/example_bash_operator.py', '--cfg-path', '/tmp/tmptqvujik8']
[2024-04-30T10:13:32.853+0000] {standard_task_runner.py:83} INFO - Job 9: Subtask also_run_this
[2024-04-30T10:13:32.935+0000] {task_command.py:376} INFO - Running <TaskInstance: example_bash_operator.also_run_this scheduled__2024-04-29T00:00:00+00:00 [running]> on host 8cfdb13b9a51
[2024-04-30T10:13:33.025+0000] {taskinstance.py:1592} INFO - Exporting the following env vars:
AIRFLOW_CTX_DAG_OWNER=***
AIRFLOW_CTX_DAG_ID=example_bash_operator
AIRFLOW_CTX_TASK_ID=also_run_this
AIRFLOW_CTX_EXECUTION_DATE=2024-04-29T00:00:00+00:00
AIRFLOW_CTX_TRY_NUMBER=2
AIRFLOW_CTX_DAG_RUN_ID=scheduled__2024-04-29T00:00:00+00:00
[2024-04-30T10:13:33.026+0000] {subprocess.py:63} INFO - Tmp dir root location: 
 /tmp
[2024-04-30T10:13:33.028+0000] {subprocess.py:75} INFO - Running command: ['/bin/bash', '-c', 'echo "ti_key=example_bash_operator__also_run_this__20240429"']
[2024-04-30T10:13:33.043+0000] {subprocess.py:86} INFO - Output:
[2024-04-30T10:13:33.045+0000] {subprocess.py:93} INFO - ti_key=example_bash_operator__also_run_this__20240429
[2024-04-30T10:13:33.046+0000] {subprocess.py:97} INFO - Command exited with return code 0
[2024-04-30T10:13:33.077+0000] {taskinstance.py:1406} INFO - Marking task as SUCCESS. dag_id=example_bash_operator, task_id=also_run_this, execution_date=20240429T000000, start_date=20240430T101332, end_date=20240430T101333
[2024-04-30T10:13:33.106+0000] {local_task_job.py:164} INFO - Task exited with return code 0
[2024-04-30T10:13:33.133+0000] {local_task_job.py:273} INFO - 0 downstream tasks scheduled from follow-on schedule check
