[2024-05-01T13:47:00.742+0000] {taskinstance.py:1165} INFO - Dependencies all met for <TaskInstance: group_dag.transform_c scheduled__2024-04-30T00:00:00+00:00 [queued]>
[2024-05-01T13:47:00.752+0000] {taskinstance.py:1165} INFO - Dependencies all met for <TaskInstance: group_dag.transform_c scheduled__2024-04-30T00:00:00+00:00 [queued]>
[2024-05-01T13:47:00.752+0000] {taskinstance.py:1362} INFO - 
--------------------------------------------------------------------------------
[2024-05-01T13:47:00.752+0000] {taskinstance.py:1363} INFO - Starting attempt 1 of 1
[2024-05-01T13:47:00.753+0000] {taskinstance.py:1364} INFO - 
--------------------------------------------------------------------------------
[2024-05-01T13:47:00.769+0000] {taskinstance.py:1383} INFO - Executing <Task(BashOperator): transform_c> on 2024-04-30 00:00:00+00:00
[2024-05-01T13:47:00.775+0000] {standard_task_runner.py:55} INFO - Started process 6593 to run task
[2024-05-01T13:47:00.777+0000] {standard_task_runner.py:82} INFO - Running: ['***', 'tasks', 'run', 'group_dag', 'transform_c', 'scheduled__2024-04-30T00:00:00+00:00', '--job-id', '40', '--raw', '--subdir', 'DAGS_FOLDER/group_dag.py', '--cfg-path', '/tmp/tmpby4jv2l3']
[2024-05-01T13:47:00.778+0000] {standard_task_runner.py:83} INFO - Job 40: Subtask transform_c
[2024-05-01T13:47:00.834+0000] {task_command.py:376} INFO - Running <TaskInstance: group_dag.transform_c scheduled__2024-04-30T00:00:00+00:00 [running]> on host 2b3d48884d47
[2024-05-01T13:47:00.898+0000] {taskinstance.py:1592} INFO - Exporting the following env vars:
AIRFLOW_CTX_DAG_OWNER=***
AIRFLOW_CTX_DAG_ID=group_dag
AIRFLOW_CTX_TASK_ID=transform_c
AIRFLOW_CTX_EXECUTION_DATE=2024-04-30T00:00:00+00:00
AIRFLOW_CTX_TRY_NUMBER=1
AIRFLOW_CTX_DAG_RUN_ID=scheduled__2024-04-30T00:00:00+00:00
[2024-05-01T13:47:00.899+0000] {subprocess.py:63} INFO - Tmp dir root location: 
 /tmp
[2024-05-01T13:47:00.901+0000] {subprocess.py:75} INFO - Running command: ['/bin/bash', '-c', 'sleep 10']
[2024-05-01T13:47:00.916+0000] {subprocess.py:86} INFO - Output:
[2024-05-01T13:47:10.918+0000] {subprocess.py:97} INFO - Command exited with return code 0
[2024-05-01T13:47:10.943+0000] {taskinstance.py:1406} INFO - Marking task as SUCCESS. dag_id=group_dag, task_id=transform_c, execution_date=20240430T000000, start_date=20240501T134700, end_date=20240501T134710
[2024-05-01T13:47:10.974+0000] {local_task_job.py:164} INFO - Task exited with return code 0
[2024-05-01T13:47:10.997+0000] {local_task_job.py:273} INFO - 0 downstream tasks scheduled from follow-on schedule check
