[2024-05-01T13:45:51.776+0000] {taskinstance.py:1165} INFO - Dependencies all met for <TaskInstance: group_dag.downloads.download_c scheduled__2024-04-30T00:00:00+00:00 [queued]>
[2024-05-01T13:45:51.804+0000] {taskinstance.py:1165} INFO - Dependencies all met for <TaskInstance: group_dag.downloads.download_c scheduled__2024-04-30T00:00:00+00:00 [queued]>
[2024-05-01T13:45:51.804+0000] {taskinstance.py:1362} INFO - 
--------------------------------------------------------------------------------
[2024-05-01T13:45:51.805+0000] {taskinstance.py:1363} INFO - Starting attempt 1 of 1
[2024-05-01T13:45:51.805+0000] {taskinstance.py:1364} INFO - 
--------------------------------------------------------------------------------
[2024-05-01T13:45:51.837+0000] {taskinstance.py:1383} INFO - Executing <Task(BashOperator): download_c> on 2024-04-30 00:00:00+00:00
[2024-05-01T13:45:51.846+0000] {standard_task_runner.py:55} INFO - Started process 6529 to run task
[2024-05-01T13:45:51.875+0000] {standard_task_runner.py:82} INFO - Running: ['***', 'tasks', 'run', 'group_dag.downloads', 'download_c', 'scheduled__2024-04-30T00:00:00+00:00', '--job-id', '37', '--raw', '--subdir', 'DAGS_FOLDER/group_dag.py', '--cfg-path', '/tmp/tmp71lwd8sf']
[2024-05-01T13:45:51.876+0000] {standard_task_runner.py:83} INFO - Job 37: Subtask download_c
[2024-05-01T13:45:52.127+0000] {task_command.py:376} INFO - Running <TaskInstance: group_dag.downloads.download_c scheduled__2024-04-30T00:00:00+00:00 [running]> on host 2b3d48884d47
[2024-05-01T13:45:52.321+0000] {taskinstance.py:1592} INFO - Exporting the following env vars:
AIRFLOW_CTX_DAG_OWNER=***
AIRFLOW_CTX_DAG_ID=group_dag.downloads
AIRFLOW_CTX_TASK_ID=download_c
AIRFLOW_CTX_EXECUTION_DATE=2024-04-30T00:00:00+00:00
AIRFLOW_CTX_TRY_NUMBER=1
AIRFLOW_CTX_DAG_RUN_ID=scheduled__2024-04-30T00:00:00+00:00
[2024-05-01T13:45:52.328+0000] {subprocess.py:63} INFO - Tmp dir root location: 
 /tmp
[2024-05-01T13:45:52.333+0000] {subprocess.py:75} INFO - Running command: ['/bin/bash', '-c', 'sleep 10']
[2024-05-01T13:45:52.348+0000] {subprocess.py:86} INFO - Output:
[2024-05-01T13:46:02.351+0000] {subprocess.py:97} INFO - Command exited with return code 0
[2024-05-01T13:46:02.384+0000] {taskinstance.py:1406} INFO - Marking task as SUCCESS. dag_id=group_dag.downloads, task_id=download_c, execution_date=20240430T000000, start_date=20240501T134551, end_date=20240501T134602
[2024-05-01T13:46:02.441+0000] {local_task_job.py:164} INFO - Task exited with return code 0
[2024-05-01T13:46:02.474+0000] {local_task_job.py:273} INFO - 0 downstream tasks scheduled from follow-on schedule check
