[2024-04-30T10:13:32.828+0000] {taskinstance.py:1165} INFO - Dependencies all met for <TaskInstance: example_bash_operator.runme_0 scheduled__2024-04-29T00:00:00+00:00 [queued]>
[2024-04-30T10:13:32.839+0000] {taskinstance.py:1165} INFO - Dependencies all met for <TaskInstance: example_bash_operator.runme_0 scheduled__2024-04-29T00:00:00+00:00 [queued]>
[2024-04-30T10:13:32.840+0000] {taskinstance.py:1362} INFO - 
--------------------------------------------------------------------------------
[2024-04-30T10:13:32.840+0000] {taskinstance.py:1363} INFO - Starting attempt 2 of 2
[2024-04-30T10:13:32.841+0000] {taskinstance.py:1364} INFO - 
--------------------------------------------------------------------------------
[2024-04-30T10:13:32.858+0000] {taskinstance.py:1383} INFO - Executing <Task(BashOperator): runme_0> on 2024-04-29 00:00:00+00:00
[2024-04-30T10:13:32.869+0000] {standard_task_runner.py:55} INFO - Started process 832 to run task
[2024-04-30T10:13:32.873+0000] {standard_task_runner.py:82} INFO - Running: ['***', 'tasks', 'run', 'example_bash_operator', 'runme_0', 'scheduled__2024-04-29T00:00:00+00:00', '--job-id', '12', '--raw', '--subdir', '/home/***/.local/lib/python3.7/site-packages/***/example_dags/example_bash_operator.py', '--cfg-path', '/tmp/tmpquvlprhm']
[2024-04-30T10:13:32.874+0000] {standard_task_runner.py:83} INFO - Job 12: Subtask runme_0
[2024-04-30T10:13:32.959+0000] {task_command.py:376} INFO - Running <TaskInstance: example_bash_operator.runme_0 scheduled__2024-04-29T00:00:00+00:00 [running]> on host 8cfdb13b9a51
[2024-04-30T10:13:33.046+0000] {taskinstance.py:1592} INFO - Exporting the following env vars:
AIRFLOW_CTX_DAG_OWNER=***
AIRFLOW_CTX_DAG_ID=example_bash_operator
AIRFLOW_CTX_TASK_ID=runme_0
AIRFLOW_CTX_EXECUTION_DATE=2024-04-29T00:00:00+00:00
AIRFLOW_CTX_TRY_NUMBER=2
AIRFLOW_CTX_DAG_RUN_ID=scheduled__2024-04-29T00:00:00+00:00
[2024-04-30T10:13:33.047+0000] {subprocess.py:63} INFO - Tmp dir root location: 
 /tmp
[2024-04-30T10:13:33.049+0000] {subprocess.py:75} INFO - Running command: ['/bin/bash', '-c', 'echo "example_bash_operator__runme_0__20240429" && sleep 1']
[2024-04-30T10:13:33.065+0000] {subprocess.py:86} INFO - Output:
[2024-04-30T10:13:33.067+0000] {subprocess.py:93} INFO - example_bash_operator__runme_0__20240429
[2024-04-30T10:13:34.068+0000] {subprocess.py:97} INFO - Command exited with return code 0
[2024-04-30T10:13:34.092+0000] {taskinstance.py:1406} INFO - Marking task as SUCCESS. dag_id=example_bash_operator, task_id=runme_0, execution_date=20240429T000000, start_date=20240430T101332, end_date=20240430T101334
[2024-04-30T10:13:34.132+0000] {local_task_job.py:164} INFO - Task exited with return code 0
[2024-04-30T10:13:34.154+0000] {local_task_job.py:273} INFO - 0 downstream tasks scheduled from follow-on schedule check
