[2024-05-01T13:26:47.813+0000] {processor.py:154} INFO - Started process (PID=7004) to work on /opt/airflow/dags/subdags/subdag_downloads.py
[2024-05-01T13:26:47.814+0000] {processor.py:756} INFO - Processing file /opt/airflow/dags/subdags/subdag_downloads.py for tasks to queue
[2024-05-01T13:26:47.815+0000] {logging_mixin.py:120} INFO - [2024-05-01T13:26:47.814+0000] {dagbag.py:537} INFO - Filling up the DagBag from /opt/airflow/dags/subdags/subdag_downloads.py
[2024-05-01T13:26:47.847+0000] {processor.py:768} WARNING - No viable dags retrieved from /opt/airflow/dags/subdags/subdag_downloads.py
[2024-05-01T13:26:47.860+0000] {processor.py:176} INFO - Processing /opt/airflow/dags/subdags/subdag_downloads.py took 0.049 seconds
[2024-05-01T13:27:18.401+0000] {processor.py:154} INFO - Started process (PID=7038) to work on /opt/airflow/dags/subdags/subdag_downloads.py
[2024-05-01T13:27:18.402+0000] {processor.py:756} INFO - Processing file /opt/airflow/dags/subdags/subdag_downloads.py for tasks to queue
[2024-05-01T13:27:18.403+0000] {logging_mixin.py:120} INFO - [2024-05-01T13:27:18.403+0000] {dagbag.py:537} INFO - Filling up the DagBag from /opt/airflow/dags/subdags/subdag_downloads.py
[2024-05-01T13:27:18.418+0000] {processor.py:768} WARNING - No viable dags retrieved from /opt/airflow/dags/subdags/subdag_downloads.py
[2024-05-01T13:27:18.431+0000] {processor.py:176} INFO - Processing /opt/airflow/dags/subdags/subdag_downloads.py took 0.032 seconds
[2024-05-01T13:27:48.635+0000] {processor.py:154} INFO - Started process (PID=7063) to work on /opt/airflow/dags/subdags/subdag_downloads.py
[2024-05-01T13:27:48.636+0000] {processor.py:756} INFO - Processing file /opt/airflow/dags/subdags/subdag_downloads.py for tasks to queue
[2024-05-01T13:27:48.637+0000] {logging_mixin.py:120} INFO - [2024-05-01T13:27:48.637+0000] {dagbag.py:537} INFO - Filling up the DagBag from /opt/airflow/dags/subdags/subdag_downloads.py
[2024-05-01T13:27:48.655+0000] {processor.py:768} WARNING - No viable dags retrieved from /opt/airflow/dags/subdags/subdag_downloads.py
[2024-05-01T13:27:48.668+0000] {processor.py:176} INFO - Processing /opt/airflow/dags/subdags/subdag_downloads.py took 0.035 seconds
[2024-05-01T13:28:18.757+0000] {processor.py:154} INFO - Started process (PID=7097) to work on /opt/airflow/dags/subdags/subdag_downloads.py
[2024-05-01T13:28:18.757+0000] {processor.py:756} INFO - Processing file /opt/airflow/dags/subdags/subdag_downloads.py for tasks to queue
[2024-05-01T13:28:18.758+0000] {logging_mixin.py:120} INFO - [2024-05-01T13:28:18.758+0000] {dagbag.py:537} INFO - Filling up the DagBag from /opt/airflow/dags/subdags/subdag_downloads.py
[2024-05-01T13:28:18.773+0000] {processor.py:768} WARNING - No viable dags retrieved from /opt/airflow/dags/subdags/subdag_downloads.py
[2024-05-01T13:28:18.783+0000] {processor.py:176} INFO - Processing /opt/airflow/dags/subdags/subdag_downloads.py took 0.029 seconds
[2024-05-01T13:28:49.310+0000] {processor.py:154} INFO - Started process (PID=7131) to work on /opt/airflow/dags/subdags/subdag_downloads.py
[2024-05-01T13:28:49.311+0000] {processor.py:756} INFO - Processing file /opt/airflow/dags/subdags/subdag_downloads.py for tasks to queue
[2024-05-01T13:28:49.311+0000] {logging_mixin.py:120} INFO - [2024-05-01T13:28:49.311+0000] {dagbag.py:537} INFO - Filling up the DagBag from /opt/airflow/dags/subdags/subdag_downloads.py
[2024-05-01T13:28:49.327+0000] {processor.py:768} WARNING - No viable dags retrieved from /opt/airflow/dags/subdags/subdag_downloads.py
[2024-05-01T13:28:49.337+0000] {processor.py:176} INFO - Processing /opt/airflow/dags/subdags/subdag_downloads.py took 0.030 seconds
[2024-05-01T13:29:19.406+0000] {processor.py:154} INFO - Started process (PID=7156) to work on /opt/airflow/dags/subdags/subdag_downloads.py
[2024-05-01T13:29:19.406+0000] {processor.py:756} INFO - Processing file /opt/airflow/dags/subdags/subdag_downloads.py for tasks to queue
[2024-05-01T13:29:19.407+0000] {logging_mixin.py:120} INFO - [2024-05-01T13:29:19.407+0000] {dagbag.py:537} INFO - Filling up the DagBag from /opt/airflow/dags/subdags/subdag_downloads.py
[2024-05-01T13:29:19.429+0000] {processor.py:768} WARNING - No viable dags retrieved from /opt/airflow/dags/subdags/subdag_downloads.py
[2024-05-01T13:29:19.440+0000] {processor.py:176} INFO - Processing /opt/airflow/dags/subdags/subdag_downloads.py took 0.037 seconds
[2024-05-01T13:29:49.556+0000] {processor.py:154} INFO - Started process (PID=7190) to work on /opt/airflow/dags/subdags/subdag_downloads.py
[2024-05-01T13:29:49.557+0000] {processor.py:756} INFO - Processing file /opt/airflow/dags/subdags/subdag_downloads.py for tasks to queue
[2024-05-01T13:29:49.557+0000] {logging_mixin.py:120} INFO - [2024-05-01T13:29:49.557+0000] {dagbag.py:537} INFO - Filling up the DagBag from /opt/airflow/dags/subdags/subdag_downloads.py
[2024-05-01T13:29:49.573+0000] {processor.py:768} WARNING - No viable dags retrieved from /opt/airflow/dags/subdags/subdag_downloads.py
[2024-05-01T13:29:49.585+0000] {processor.py:176} INFO - Processing /opt/airflow/dags/subdags/subdag_downloads.py took 0.031 seconds
[2024-05-01T13:30:19.792+0000] {processor.py:154} INFO - Started process (PID=7224) to work on /opt/airflow/dags/subdags/subdag_downloads.py
[2024-05-01T13:30:19.792+0000] {processor.py:756} INFO - Processing file /opt/airflow/dags/subdags/subdag_downloads.py for tasks to queue
[2024-05-01T13:30:19.793+0000] {logging_mixin.py:120} INFO - [2024-05-01T13:30:19.793+0000] {dagbag.py:537} INFO - Filling up the DagBag from /opt/airflow/dags/subdags/subdag_downloads.py
[2024-05-01T13:30:19.809+0000] {processor.py:768} WARNING - No viable dags retrieved from /opt/airflow/dags/subdags/subdag_downloads.py
[2024-05-01T13:30:19.820+0000] {processor.py:176} INFO - Processing /opt/airflow/dags/subdags/subdag_downloads.py took 0.030 seconds
[2024-05-01T13:30:49.877+0000] {processor.py:154} INFO - Started process (PID=7249) to work on /opt/airflow/dags/subdags/subdag_downloads.py
[2024-05-01T13:30:49.878+0000] {processor.py:756} INFO - Processing file /opt/airflow/dags/subdags/subdag_downloads.py for tasks to queue
[2024-05-01T13:30:49.879+0000] {logging_mixin.py:120} INFO - [2024-05-01T13:30:49.879+0000] {dagbag.py:537} INFO - Filling up the DagBag from /opt/airflow/dags/subdags/subdag_downloads.py
[2024-05-01T13:30:49.892+0000] {processor.py:768} WARNING - No viable dags retrieved from /opt/airflow/dags/subdags/subdag_downloads.py
[2024-05-01T13:30:49.904+0000] {processor.py:176} INFO - Processing /opt/airflow/dags/subdags/subdag_downloads.py took 0.029 seconds
[2024-05-01T13:31:20.039+0000] {processor.py:154} INFO - Started process (PID=7283) to work on /opt/airflow/dags/subdags/subdag_downloads.py
[2024-05-01T13:31:20.040+0000] {processor.py:756} INFO - Processing file /opt/airflow/dags/subdags/subdag_downloads.py for tasks to queue
[2024-05-01T13:31:20.041+0000] {logging_mixin.py:120} INFO - [2024-05-01T13:31:20.041+0000] {dagbag.py:537} INFO - Filling up the DagBag from /opt/airflow/dags/subdags/subdag_downloads.py
[2024-05-01T13:31:20.058+0000] {processor.py:768} WARNING - No viable dags retrieved from /opt/airflow/dags/subdags/subdag_downloads.py
[2024-05-01T13:31:20.070+0000] {processor.py:176} INFO - Processing /opt/airflow/dags/subdags/subdag_downloads.py took 0.034 seconds
[2024-05-01T13:31:50.269+0000] {processor.py:154} INFO - Started process (PID=7317) to work on /opt/airflow/dags/subdags/subdag_downloads.py
[2024-05-01T13:31:50.269+0000] {processor.py:756} INFO - Processing file /opt/airflow/dags/subdags/subdag_downloads.py for tasks to queue
[2024-05-01T13:31:50.270+0000] {logging_mixin.py:120} INFO - [2024-05-01T13:31:50.270+0000] {dagbag.py:537} INFO - Filling up the DagBag from /opt/airflow/dags/subdags/subdag_downloads.py
[2024-05-01T13:31:50.287+0000] {processor.py:768} WARNING - No viable dags retrieved from /opt/airflow/dags/subdags/subdag_downloads.py
[2024-05-01T13:31:50.297+0000] {processor.py:176} INFO - Processing /opt/airflow/dags/subdags/subdag_downloads.py took 0.030 seconds
[2024-05-01T13:32:20.403+0000] {processor.py:154} INFO - Started process (PID=7342) to work on /opt/airflow/dags/subdags/subdag_downloads.py
[2024-05-01T13:32:20.404+0000] {processor.py:756} INFO - Processing file /opt/airflow/dags/subdags/subdag_downloads.py for tasks to queue
[2024-05-01T13:32:20.404+0000] {logging_mixin.py:120} INFO - [2024-05-01T13:32:20.404+0000] {dagbag.py:537} INFO - Filling up the DagBag from /opt/airflow/dags/subdags/subdag_downloads.py
[2024-05-01T13:32:20.420+0000] {processor.py:768} WARNING - No viable dags retrieved from /opt/airflow/dags/subdags/subdag_downloads.py
[2024-05-01T13:32:20.432+0000] {processor.py:176} INFO - Processing /opt/airflow/dags/subdags/subdag_downloads.py took 0.031 seconds
[2024-05-01T13:32:50.947+0000] {processor.py:154} INFO - Started process (PID=7374) to work on /opt/airflow/dags/subdags/subdag_downloads.py
[2024-05-01T13:32:50.948+0000] {processor.py:756} INFO - Processing file /opt/airflow/dags/subdags/subdag_downloads.py for tasks to queue
[2024-05-01T13:32:50.948+0000] {logging_mixin.py:120} INFO - [2024-05-01T13:32:50.948+0000] {dagbag.py:537} INFO - Filling up the DagBag from /opt/airflow/dags/subdags/subdag_downloads.py
[2024-05-01T13:32:50.966+0000] {processor.py:768} WARNING - No viable dags retrieved from /opt/airflow/dags/subdags/subdag_downloads.py
[2024-05-01T13:32:50.978+0000] {processor.py:176} INFO - Processing /opt/airflow/dags/subdags/subdag_downloads.py took 0.033 seconds
[2024-05-01T13:33:21.096+0000] {processor.py:154} INFO - Started process (PID=7408) to work on /opt/airflow/dags/subdags/subdag_downloads.py
[2024-05-01T13:33:21.097+0000] {processor.py:756} INFO - Processing file /opt/airflow/dags/subdags/subdag_downloads.py for tasks to queue
[2024-05-01T13:33:21.097+0000] {logging_mixin.py:120} INFO - [2024-05-01T13:33:21.097+0000] {dagbag.py:537} INFO - Filling up the DagBag from /opt/airflow/dags/subdags/subdag_downloads.py
[2024-05-01T13:33:21.114+0000] {processor.py:768} WARNING - No viable dags retrieved from /opt/airflow/dags/subdags/subdag_downloads.py
[2024-05-01T13:33:21.126+0000] {processor.py:176} INFO - Processing /opt/airflow/dags/subdags/subdag_downloads.py took 0.032 seconds
[2024-05-01T13:33:51.737+0000] {processor.py:154} INFO - Started process (PID=7443) to work on /opt/airflow/dags/subdags/subdag_downloads.py
[2024-05-01T13:33:51.738+0000] {processor.py:756} INFO - Processing file /opt/airflow/dags/subdags/subdag_downloads.py for tasks to queue
[2024-05-01T13:33:51.739+0000] {logging_mixin.py:120} INFO - [2024-05-01T13:33:51.739+0000] {dagbag.py:537} INFO - Filling up the DagBag from /opt/airflow/dags/subdags/subdag_downloads.py
[2024-05-01T13:33:51.761+0000] {processor.py:768} WARNING - No viable dags retrieved from /opt/airflow/dags/subdags/subdag_downloads.py
[2024-05-01T13:33:51.783+0000] {processor.py:176} INFO - Processing /opt/airflow/dags/subdags/subdag_downloads.py took 0.050 seconds
[2024-05-01T13:34:21.995+0000] {processor.py:154} INFO - Started process (PID=7468) to work on /opt/airflow/dags/subdags/subdag_downloads.py
[2024-05-01T13:34:21.995+0000] {processor.py:756} INFO - Processing file /opt/airflow/dags/subdags/subdag_downloads.py for tasks to queue
[2024-05-01T13:34:21.996+0000] {logging_mixin.py:120} INFO - [2024-05-01T13:34:21.996+0000] {dagbag.py:537} INFO - Filling up the DagBag from /opt/airflow/dags/subdags/subdag_downloads.py
[2024-05-01T13:34:22.013+0000] {processor.py:768} WARNING - No viable dags retrieved from /opt/airflow/dags/subdags/subdag_downloads.py
[2024-05-01T13:34:22.025+0000] {processor.py:176} INFO - Processing /opt/airflow/dags/subdags/subdag_downloads.py took 0.033 seconds
[2024-05-01T13:34:52.449+0000] {processor.py:154} INFO - Started process (PID=7502) to work on /opt/airflow/dags/subdags/subdag_downloads.py
[2024-05-01T13:34:52.450+0000] {processor.py:756} INFO - Processing file /opt/airflow/dags/subdags/subdag_downloads.py for tasks to queue
[2024-05-01T13:34:52.451+0000] {logging_mixin.py:120} INFO - [2024-05-01T13:34:52.451+0000] {dagbag.py:537} INFO - Filling up the DagBag from /opt/airflow/dags/subdags/subdag_downloads.py
[2024-05-01T13:34:52.467+0000] {processor.py:768} WARNING - No viable dags retrieved from /opt/airflow/dags/subdags/subdag_downloads.py
[2024-05-01T13:34:52.478+0000] {processor.py:176} INFO - Processing /opt/airflow/dags/subdags/subdag_downloads.py took 0.031 seconds
[2024-05-01T13:35:22.933+0000] {processor.py:154} INFO - Started process (PID=7536) to work on /opt/airflow/dags/subdags/subdag_downloads.py
[2024-05-01T13:35:22.934+0000] {processor.py:756} INFO - Processing file /opt/airflow/dags/subdags/subdag_downloads.py for tasks to queue
[2024-05-01T13:35:22.935+0000] {logging_mixin.py:120} INFO - [2024-05-01T13:35:22.935+0000] {dagbag.py:537} INFO - Filling up the DagBag from /opt/airflow/dags/subdags/subdag_downloads.py
[2024-05-01T13:35:22.951+0000] {processor.py:768} WARNING - No viable dags retrieved from /opt/airflow/dags/subdags/subdag_downloads.py
[2024-05-01T13:35:22.963+0000] {processor.py:176} INFO - Processing /opt/airflow/dags/subdags/subdag_downloads.py took 0.032 seconds
[2024-05-01T13:35:53.455+0000] {processor.py:154} INFO - Started process (PID=7561) to work on /opt/airflow/dags/subdags/subdag_downloads.py
[2024-05-01T13:35:53.456+0000] {processor.py:756} INFO - Processing file /opt/airflow/dags/subdags/subdag_downloads.py for tasks to queue
[2024-05-01T13:35:53.456+0000] {logging_mixin.py:120} INFO - [2024-05-01T13:35:53.456+0000] {dagbag.py:537} INFO - Filling up the DagBag from /opt/airflow/dags/subdags/subdag_downloads.py
[2024-05-01T13:35:53.476+0000] {processor.py:768} WARNING - No viable dags retrieved from /opt/airflow/dags/subdags/subdag_downloads.py
[2024-05-01T13:35:53.488+0000] {processor.py:176} INFO - Processing /opt/airflow/dags/subdags/subdag_downloads.py took 0.035 seconds
[2024-05-01T13:36:23.588+0000] {processor.py:154} INFO - Started process (PID=7595) to work on /opt/airflow/dags/subdags/subdag_downloads.py
[2024-05-01T13:36:23.588+0000] {processor.py:756} INFO - Processing file /opt/airflow/dags/subdags/subdag_downloads.py for tasks to queue
[2024-05-01T13:36:23.589+0000] {logging_mixin.py:120} INFO - [2024-05-01T13:36:23.589+0000] {dagbag.py:537} INFO - Filling up the DagBag from /opt/airflow/dags/subdags/subdag_downloads.py
[2024-05-01T13:36:23.605+0000] {processor.py:768} WARNING - No viable dags retrieved from /opt/airflow/dags/subdags/subdag_downloads.py
[2024-05-01T13:36:23.615+0000] {processor.py:176} INFO - Processing /opt/airflow/dags/subdags/subdag_downloads.py took 0.030 seconds
[2024-05-01T13:36:53.736+0000] {processor.py:154} INFO - Started process (PID=7629) to work on /opt/airflow/dags/subdags/subdag_downloads.py
[2024-05-01T13:36:53.736+0000] {processor.py:756} INFO - Processing file /opt/airflow/dags/subdags/subdag_downloads.py for tasks to queue
[2024-05-01T13:36:53.737+0000] {logging_mixin.py:120} INFO - [2024-05-01T13:36:53.737+0000] {dagbag.py:537} INFO - Filling up the DagBag from /opt/airflow/dags/subdags/subdag_downloads.py
[2024-05-01T13:36:53.752+0000] {processor.py:768} WARNING - No viable dags retrieved from /opt/airflow/dags/subdags/subdag_downloads.py
[2024-05-01T13:36:53.762+0000] {processor.py:176} INFO - Processing /opt/airflow/dags/subdags/subdag_downloads.py took 0.028 seconds
[2024-05-01T13:37:23.879+0000] {processor.py:154} INFO - Started process (PID=7664) to work on /opt/airflow/dags/subdags/subdag_downloads.py
[2024-05-01T13:37:23.880+0000] {processor.py:756} INFO - Processing file /opt/airflow/dags/subdags/subdag_downloads.py for tasks to queue
[2024-05-01T13:37:23.881+0000] {logging_mixin.py:120} INFO - [2024-05-01T13:37:23.881+0000] {dagbag.py:537} INFO - Filling up the DagBag from /opt/airflow/dags/subdags/subdag_downloads.py
[2024-05-01T13:37:23.895+0000] {processor.py:768} WARNING - No viable dags retrieved from /opt/airflow/dags/subdags/subdag_downloads.py
[2024-05-01T13:37:23.907+0000] {processor.py:176} INFO - Processing /opt/airflow/dags/subdags/subdag_downloads.py took 0.030 seconds
[2024-05-01T13:37:54.415+0000] {processor.py:154} INFO - Started process (PID=7689) to work on /opt/airflow/dags/subdags/subdag_downloads.py
[2024-05-01T13:37:54.416+0000] {processor.py:756} INFO - Processing file /opt/airflow/dags/subdags/subdag_downloads.py for tasks to queue
[2024-05-01T13:37:54.416+0000] {logging_mixin.py:120} INFO - [2024-05-01T13:37:54.416+0000] {dagbag.py:537} INFO - Filling up the DagBag from /opt/airflow/dags/subdags/subdag_downloads.py
[2024-05-01T13:37:54.434+0000] {processor.py:768} WARNING - No viable dags retrieved from /opt/airflow/dags/subdags/subdag_downloads.py
[2024-05-01T13:37:54.445+0000] {processor.py:176} INFO - Processing /opt/airflow/dags/subdags/subdag_downloads.py took 0.033 seconds
[2024-05-01T13:38:24.544+0000] {processor.py:154} INFO - Started process (PID=7723) to work on /opt/airflow/dags/subdags/subdag_downloads.py
[2024-05-01T13:38:24.545+0000] {processor.py:756} INFO - Processing file /opt/airflow/dags/subdags/subdag_downloads.py for tasks to queue
[2024-05-01T13:38:24.546+0000] {logging_mixin.py:120} INFO - [2024-05-01T13:38:24.546+0000] {dagbag.py:537} INFO - Filling up the DagBag from /opt/airflow/dags/subdags/subdag_downloads.py
[2024-05-01T13:38:24.568+0000] {processor.py:768} WARNING - No viable dags retrieved from /opt/airflow/dags/subdags/subdag_downloads.py
[2024-05-01T13:38:24.584+0000] {processor.py:176} INFO - Processing /opt/airflow/dags/subdags/subdag_downloads.py took 0.043 seconds
[2024-05-01T13:38:55.083+0000] {processor.py:154} INFO - Started process (PID=7757) to work on /opt/airflow/dags/subdags/subdag_downloads.py
[2024-05-01T13:38:55.084+0000] {processor.py:756} INFO - Processing file /opt/airflow/dags/subdags/subdag_downloads.py for tasks to queue
[2024-05-01T13:38:55.084+0000] {logging_mixin.py:120} INFO - [2024-05-01T13:38:55.084+0000] {dagbag.py:537} INFO - Filling up the DagBag from /opt/airflow/dags/subdags/subdag_downloads.py
[2024-05-01T13:38:55.099+0000] {processor.py:768} WARNING - No viable dags retrieved from /opt/airflow/dags/subdags/subdag_downloads.py
[2024-05-01T13:38:55.110+0000] {processor.py:176} INFO - Processing /opt/airflow/dags/subdags/subdag_downloads.py took 0.029 seconds
[2024-05-01T13:39:25.179+0000] {processor.py:154} INFO - Started process (PID=7791) to work on /opt/airflow/dags/subdags/subdag_downloads.py
[2024-05-01T13:39:25.180+0000] {processor.py:756} INFO - Processing file /opt/airflow/dags/subdags/subdag_downloads.py for tasks to queue
[2024-05-01T13:39:25.180+0000] {logging_mixin.py:120} INFO - [2024-05-01T13:39:25.180+0000] {dagbag.py:537} INFO - Filling up the DagBag from /opt/airflow/dags/subdags/subdag_downloads.py
[2024-05-01T13:39:25.197+0000] {processor.py:768} WARNING - No viable dags retrieved from /opt/airflow/dags/subdags/subdag_downloads.py
[2024-05-01T13:39:25.208+0000] {processor.py:176} INFO - Processing /opt/airflow/dags/subdags/subdag_downloads.py took 0.033 seconds
[2024-05-01T13:39:55.698+0000] {processor.py:154} INFO - Started process (PID=7816) to work on /opt/airflow/dags/subdags/subdag_downloads.py
[2024-05-01T13:39:55.699+0000] {processor.py:756} INFO - Processing file /opt/airflow/dags/subdags/subdag_downloads.py for tasks to queue
[2024-05-01T13:39:55.699+0000] {logging_mixin.py:120} INFO - [2024-05-01T13:39:55.699+0000] {dagbag.py:537} INFO - Filling up the DagBag from /opt/airflow/dags/subdags/subdag_downloads.py
[2024-05-01T13:39:55.714+0000] {processor.py:768} WARNING - No viable dags retrieved from /opt/airflow/dags/subdags/subdag_downloads.py
[2024-05-01T13:39:55.725+0000] {processor.py:176} INFO - Processing /opt/airflow/dags/subdags/subdag_downloads.py took 0.029 seconds
[2024-05-01T13:40:26.202+0000] {processor.py:154} INFO - Started process (PID=7850) to work on /opt/airflow/dags/subdags/subdag_downloads.py
[2024-05-01T13:40:26.203+0000] {processor.py:756} INFO - Processing file /opt/airflow/dags/subdags/subdag_downloads.py for tasks to queue
[2024-05-01T13:40:26.203+0000] {logging_mixin.py:120} INFO - [2024-05-01T13:40:26.203+0000] {dagbag.py:537} INFO - Filling up the DagBag from /opt/airflow/dags/subdags/subdag_downloads.py
[2024-05-01T13:40:26.220+0000] {processor.py:768} WARNING - No viable dags retrieved from /opt/airflow/dags/subdags/subdag_downloads.py
[2024-05-01T13:40:26.232+0000] {processor.py:176} INFO - Processing /opt/airflow/dags/subdags/subdag_downloads.py took 0.032 seconds
[2024-05-01T13:40:56.414+0000] {processor.py:154} INFO - Started process (PID=7884) to work on /opt/airflow/dags/subdags/subdag_downloads.py
[2024-05-01T13:40:56.415+0000] {processor.py:756} INFO - Processing file /opt/airflow/dags/subdags/subdag_downloads.py for tasks to queue
[2024-05-01T13:40:56.416+0000] {logging_mixin.py:120} INFO - [2024-05-01T13:40:56.416+0000] {dagbag.py:537} INFO - Filling up the DagBag from /opt/airflow/dags/subdags/subdag_downloads.py
[2024-05-01T13:40:56.432+0000] {processor.py:768} WARNING - No viable dags retrieved from /opt/airflow/dags/subdags/subdag_downloads.py
[2024-05-01T13:40:56.444+0000] {processor.py:176} INFO - Processing /opt/airflow/dags/subdags/subdag_downloads.py took 0.033 seconds
[2024-05-01T13:41:26.543+0000] {processor.py:154} INFO - Started process (PID=7909) to work on /opt/airflow/dags/subdags/subdag_downloads.py
[2024-05-01T13:41:26.544+0000] {processor.py:756} INFO - Processing file /opt/airflow/dags/subdags/subdag_downloads.py for tasks to queue
[2024-05-01T13:41:26.545+0000] {logging_mixin.py:120} INFO - [2024-05-01T13:41:26.545+0000] {dagbag.py:537} INFO - Filling up the DagBag from /opt/airflow/dags/subdags/subdag_downloads.py
[2024-05-01T13:41:26.559+0000] {processor.py:768} WARNING - No viable dags retrieved from /opt/airflow/dags/subdags/subdag_downloads.py
[2024-05-01T13:41:26.570+0000] {processor.py:176} INFO - Processing /opt/airflow/dags/subdags/subdag_downloads.py took 0.029 seconds
[2024-05-01T13:41:57.175+0000] {processor.py:154} INFO - Started process (PID=7944) to work on /opt/airflow/dags/subdags/subdag_downloads.py
[2024-05-01T13:41:57.175+0000] {processor.py:756} INFO - Processing file /opt/airflow/dags/subdags/subdag_downloads.py for tasks to queue
[2024-05-01T13:41:57.176+0000] {logging_mixin.py:120} INFO - [2024-05-01T13:41:57.176+0000] {dagbag.py:537} INFO - Filling up the DagBag from /opt/airflow/dags/subdags/subdag_downloads.py
[2024-05-01T13:41:57.195+0000] {processor.py:768} WARNING - No viable dags retrieved from /opt/airflow/dags/subdags/subdag_downloads.py
[2024-05-01T13:41:57.207+0000] {processor.py:176} INFO - Processing /opt/airflow/dags/subdags/subdag_downloads.py took 0.035 seconds
[2024-05-01T13:42:27.687+0000] {processor.py:154} INFO - Started process (PID=7978) to work on /opt/airflow/dags/subdags/subdag_downloads.py
[2024-05-01T13:42:27.688+0000] {processor.py:756} INFO - Processing file /opt/airflow/dags/subdags/subdag_downloads.py for tasks to queue
[2024-05-01T13:42:27.688+0000] {logging_mixin.py:120} INFO - [2024-05-01T13:42:27.688+0000] {dagbag.py:537} INFO - Filling up the DagBag from /opt/airflow/dags/subdags/subdag_downloads.py
[2024-05-01T13:42:27.702+0000] {processor.py:768} WARNING - No viable dags retrieved from /opt/airflow/dags/subdags/subdag_downloads.py
[2024-05-01T13:42:27.713+0000] {processor.py:176} INFO - Processing /opt/airflow/dags/subdags/subdag_downloads.py took 0.028 seconds
[2024-05-01T13:42:58.164+0000] {processor.py:154} INFO - Started process (PID=8012) to work on /opt/airflow/dags/subdags/subdag_downloads.py
[2024-05-01T13:42:58.165+0000] {processor.py:756} INFO - Processing file /opt/airflow/dags/subdags/subdag_downloads.py for tasks to queue
[2024-05-01T13:42:58.165+0000] {logging_mixin.py:120} INFO - [2024-05-01T13:42:58.165+0000] {dagbag.py:537} INFO - Filling up the DagBag from /opt/airflow/dags/subdags/subdag_downloads.py
[2024-05-01T13:42:58.180+0000] {processor.py:768} WARNING - No viable dags retrieved from /opt/airflow/dags/subdags/subdag_downloads.py
[2024-05-01T13:42:58.191+0000] {processor.py:176} INFO - Processing /opt/airflow/dags/subdags/subdag_downloads.py took 0.029 seconds
[2024-05-01T13:43:28.231+0000] {processor.py:154} INFO - Started process (PID=8037) to work on /opt/airflow/dags/subdags/subdag_downloads.py
[2024-05-01T13:43:28.232+0000] {processor.py:756} INFO - Processing file /opt/airflow/dags/subdags/subdag_downloads.py for tasks to queue
[2024-05-01T13:43:28.232+0000] {logging_mixin.py:120} INFO - [2024-05-01T13:43:28.232+0000] {dagbag.py:537} INFO - Filling up the DagBag from /opt/airflow/dags/subdags/subdag_downloads.py
[2024-05-01T13:43:28.247+0000] {processor.py:768} WARNING - No viable dags retrieved from /opt/airflow/dags/subdags/subdag_downloads.py
[2024-05-01T13:43:28.257+0000] {processor.py:176} INFO - Processing /opt/airflow/dags/subdags/subdag_downloads.py took 0.029 seconds
[2024-05-01T13:43:58.420+0000] {processor.py:154} INFO - Started process (PID=8071) to work on /opt/airflow/dags/subdags/subdag_downloads.py
[2024-05-01T13:43:58.421+0000] {processor.py:756} INFO - Processing file /opt/airflow/dags/subdags/subdag_downloads.py for tasks to queue
[2024-05-01T13:43:58.421+0000] {logging_mixin.py:120} INFO - [2024-05-01T13:43:58.421+0000] {dagbag.py:537} INFO - Filling up the DagBag from /opt/airflow/dags/subdags/subdag_downloads.py
[2024-05-01T13:43:58.439+0000] {processor.py:768} WARNING - No viable dags retrieved from /opt/airflow/dags/subdags/subdag_downloads.py
[2024-05-01T13:43:58.450+0000] {processor.py:176} INFO - Processing /opt/airflow/dags/subdags/subdag_downloads.py took 0.033 seconds
[2024-05-01T13:44:28.507+0000] {processor.py:154} INFO - Started process (PID=8105) to work on /opt/airflow/dags/subdags/subdag_downloads.py
[2024-05-01T13:44:28.509+0000] {processor.py:756} INFO - Processing file /opt/airflow/dags/subdags/subdag_downloads.py for tasks to queue
[2024-05-01T13:44:28.509+0000] {logging_mixin.py:120} INFO - [2024-05-01T13:44:28.509+0000] {dagbag.py:537} INFO - Filling up the DagBag from /opt/airflow/dags/subdags/subdag_downloads.py
[2024-05-01T13:44:28.524+0000] {processor.py:768} WARNING - No viable dags retrieved from /opt/airflow/dags/subdags/subdag_downloads.py
[2024-05-01T13:44:28.535+0000] {processor.py:176} INFO - Processing /opt/airflow/dags/subdags/subdag_downloads.py took 0.031 seconds
[2024-05-01T13:44:57.209+0000] {processor.py:154} INFO - Started process (PID=8130) to work on /opt/airflow/dags/subdags/subdag_downloads.py
[2024-05-01T13:44:57.210+0000] {processor.py:756} INFO - Processing file /opt/airflow/dags/subdags/subdag_downloads.py for tasks to queue
[2024-05-01T13:44:57.211+0000] {logging_mixin.py:120} INFO - [2024-05-01T13:44:57.211+0000] {dagbag.py:537} INFO - Filling up the DagBag from /opt/airflow/dags/subdags/subdag_downloads.py
[2024-05-01T13:44:57.235+0000] {processor.py:768} WARNING - No viable dags retrieved from /opt/airflow/dags/subdags/subdag_downloads.py
[2024-05-01T13:44:57.247+0000] {processor.py:176} INFO - Processing /opt/airflow/dags/subdags/subdag_downloads.py took 0.041 seconds
[2024-05-01T13:45:27.420+0000] {processor.py:154} INFO - Started process (PID=8164) to work on /opt/airflow/dags/subdags/subdag_downloads.py
[2024-05-01T13:45:27.421+0000] {processor.py:756} INFO - Processing file /opt/airflow/dags/subdags/subdag_downloads.py for tasks to queue
[2024-05-01T13:45:27.422+0000] {logging_mixin.py:120} INFO - [2024-05-01T13:45:27.422+0000] {dagbag.py:537} INFO - Filling up the DagBag from /opt/airflow/dags/subdags/subdag_downloads.py
[2024-05-01T13:45:27.439+0000] {processor.py:768} WARNING - No viable dags retrieved from /opt/airflow/dags/subdags/subdag_downloads.py
[2024-05-01T13:45:27.453+0000] {processor.py:176} INFO - Processing /opt/airflow/dags/subdags/subdag_downloads.py took 0.035 seconds
[2024-05-01T13:45:57.621+0000] {processor.py:154} INFO - Started process (PID=8203) to work on /opt/airflow/dags/subdags/subdag_downloads.py
[2024-05-01T13:45:57.621+0000] {processor.py:756} INFO - Processing file /opt/airflow/dags/subdags/subdag_downloads.py for tasks to queue
[2024-05-01T13:45:57.622+0000] {logging_mixin.py:120} INFO - [2024-05-01T13:45:57.622+0000] {dagbag.py:537} INFO - Filling up the DagBag from /opt/airflow/dags/subdags/subdag_downloads.py
[2024-05-01T13:45:57.641+0000] {processor.py:768} WARNING - No viable dags retrieved from /opt/airflow/dags/subdags/subdag_downloads.py
[2024-05-01T13:45:57.653+0000] {processor.py:176} INFO - Processing /opt/airflow/dags/subdags/subdag_downloads.py took 0.035 seconds
[2024-05-01T13:46:28.274+0000] {processor.py:154} INFO - Started process (PID=8228) to work on /opt/airflow/dags/subdags/subdag_downloads.py
[2024-05-01T13:46:28.275+0000] {processor.py:756} INFO - Processing file /opt/airflow/dags/subdags/subdag_downloads.py for tasks to queue
[2024-05-01T13:46:28.276+0000] {logging_mixin.py:120} INFO - [2024-05-01T13:46:28.275+0000] {dagbag.py:537} INFO - Filling up the DagBag from /opt/airflow/dags/subdags/subdag_downloads.py
[2024-05-01T13:46:28.291+0000] {processor.py:768} WARNING - No viable dags retrieved from /opt/airflow/dags/subdags/subdag_downloads.py
[2024-05-01T13:46:28.302+0000] {processor.py:176} INFO - Processing /opt/airflow/dags/subdags/subdag_downloads.py took 0.030 seconds
[2024-05-01T13:46:58.497+0000] {processor.py:154} INFO - Started process (PID=8262) to work on /opt/airflow/dags/subdags/subdag_downloads.py
[2024-05-01T13:46:58.498+0000] {processor.py:756} INFO - Processing file /opt/airflow/dags/subdags/subdag_downloads.py for tasks to queue
[2024-05-01T13:46:58.499+0000] {logging_mixin.py:120} INFO - [2024-05-01T13:46:58.499+0000] {dagbag.py:537} INFO - Filling up the DagBag from /opt/airflow/dags/subdags/subdag_downloads.py
[2024-05-01T13:46:58.518+0000] {processor.py:768} WARNING - No viable dags retrieved from /opt/airflow/dags/subdags/subdag_downloads.py
[2024-05-01T13:46:58.529+0000] {processor.py:176} INFO - Processing /opt/airflow/dags/subdags/subdag_downloads.py took 0.034 seconds
[2024-05-01T13:47:28.843+0000] {processor.py:154} INFO - Started process (PID=8301) to work on /opt/airflow/dags/subdags/subdag_downloads.py
[2024-05-01T13:47:28.843+0000] {processor.py:756} INFO - Processing file /opt/airflow/dags/subdags/subdag_downloads.py for tasks to queue
[2024-05-01T13:47:28.844+0000] {logging_mixin.py:120} INFO - [2024-05-01T13:47:28.844+0000] {dagbag.py:537} INFO - Filling up the DagBag from /opt/airflow/dags/subdags/subdag_downloads.py
[2024-05-01T13:47:28.863+0000] {processor.py:768} WARNING - No viable dags retrieved from /opt/airflow/dags/subdags/subdag_downloads.py
[2024-05-01T13:47:28.875+0000] {processor.py:176} INFO - Processing /opt/airflow/dags/subdags/subdag_downloads.py took 0.035 seconds
[2024-05-01T13:47:58.991+0000] {processor.py:154} INFO - Started process (PID=8326) to work on /opt/airflow/dags/subdags/subdag_downloads.py
[2024-05-01T13:47:58.992+0000] {processor.py:756} INFO - Processing file /opt/airflow/dags/subdags/subdag_downloads.py for tasks to queue
[2024-05-01T13:47:58.993+0000] {logging_mixin.py:120} INFO - [2024-05-01T13:47:58.993+0000] {dagbag.py:537} INFO - Filling up the DagBag from /opt/airflow/dags/subdags/subdag_downloads.py
[2024-05-01T13:47:59.009+0000] {processor.py:768} WARNING - No viable dags retrieved from /opt/airflow/dags/subdags/subdag_downloads.py
[2024-05-01T13:47:59.021+0000] {processor.py:176} INFO - Processing /opt/airflow/dags/subdags/subdag_downloads.py took 0.032 seconds
[2024-05-01T13:48:29.137+0000] {processor.py:154} INFO - Started process (PID=8360) to work on /opt/airflow/dags/subdags/subdag_downloads.py
[2024-05-01T13:48:29.138+0000] {processor.py:756} INFO - Processing file /opt/airflow/dags/subdags/subdag_downloads.py for tasks to queue
[2024-05-01T13:48:29.139+0000] {logging_mixin.py:120} INFO - [2024-05-01T13:48:29.139+0000] {dagbag.py:537} INFO - Filling up the DagBag from /opt/airflow/dags/subdags/subdag_downloads.py
[2024-05-01T13:48:29.156+0000] {processor.py:768} WARNING - No viable dags retrieved from /opt/airflow/dags/subdags/subdag_downloads.py
[2024-05-01T13:48:29.168+0000] {processor.py:176} INFO - Processing /opt/airflow/dags/subdags/subdag_downloads.py took 0.033 seconds
[2024-05-01T13:48:59.340+0000] {processor.py:154} INFO - Started process (PID=8394) to work on /opt/airflow/dags/subdags/subdag_downloads.py
[2024-05-01T13:48:59.341+0000] {processor.py:756} INFO - Processing file /opt/airflow/dags/subdags/subdag_downloads.py for tasks to queue
[2024-05-01T13:48:59.342+0000] {logging_mixin.py:120} INFO - [2024-05-01T13:48:59.341+0000] {dagbag.py:537} INFO - Filling up the DagBag from /opt/airflow/dags/subdags/subdag_downloads.py
[2024-05-01T13:48:59.358+0000] {processor.py:768} WARNING - No viable dags retrieved from /opt/airflow/dags/subdags/subdag_downloads.py
[2024-05-01T13:48:59.369+0000] {processor.py:176} INFO - Processing /opt/airflow/dags/subdags/subdag_downloads.py took 0.032 seconds
[2024-05-01T13:49:29.487+0000] {processor.py:154} INFO - Started process (PID=8428) to work on /opt/airflow/dags/subdags/subdag_downloads.py
[2024-05-01T13:49:29.488+0000] {processor.py:756} INFO - Processing file /opt/airflow/dags/subdags/subdag_downloads.py for tasks to queue
[2024-05-01T13:49:29.488+0000] {logging_mixin.py:120} INFO - [2024-05-01T13:49:29.488+0000] {dagbag.py:537} INFO - Filling up the DagBag from /opt/airflow/dags/subdags/subdag_downloads.py
[2024-05-01T13:49:29.502+0000] {processor.py:768} WARNING - No viable dags retrieved from /opt/airflow/dags/subdags/subdag_downloads.py
[2024-05-01T13:49:29.512+0000] {processor.py:176} INFO - Processing /opt/airflow/dags/subdags/subdag_downloads.py took 0.028 seconds
[2024-05-01T13:49:59.631+0000] {processor.py:154} INFO - Started process (PID=8453) to work on /opt/airflow/dags/subdags/subdag_downloads.py
[2024-05-01T13:49:59.632+0000] {processor.py:756} INFO - Processing file /opt/airflow/dags/subdags/subdag_downloads.py for tasks to queue
[2024-05-01T13:49:59.633+0000] {logging_mixin.py:120} INFO - [2024-05-01T13:49:59.633+0000] {dagbag.py:537} INFO - Filling up the DagBag from /opt/airflow/dags/subdags/subdag_downloads.py
[2024-05-01T13:49:59.648+0000] {processor.py:768} WARNING - No viable dags retrieved from /opt/airflow/dags/subdags/subdag_downloads.py
[2024-05-01T13:49:59.660+0000] {processor.py:176} INFO - Processing /opt/airflow/dags/subdags/subdag_downloads.py took 0.030 seconds
[2024-05-01T13:50:29.814+0000] {processor.py:154} INFO - Started process (PID=8487) to work on /opt/airflow/dags/subdags/subdag_downloads.py
[2024-05-01T13:50:29.815+0000] {processor.py:756} INFO - Processing file /opt/airflow/dags/subdags/subdag_downloads.py for tasks to queue
[2024-05-01T13:50:29.816+0000] {logging_mixin.py:120} INFO - [2024-05-01T13:50:29.815+0000] {dagbag.py:537} INFO - Filling up the DagBag from /opt/airflow/dags/subdags/subdag_downloads.py
[2024-05-01T13:50:29.847+0000] {processor.py:768} WARNING - No viable dags retrieved from /opt/airflow/dags/subdags/subdag_downloads.py
[2024-05-01T13:50:29.862+0000] {processor.py:176} INFO - Processing /opt/airflow/dags/subdags/subdag_downloads.py took 0.051 seconds
[2024-05-01T13:51:00.409+0000] {processor.py:154} INFO - Started process (PID=8519) to work on /opt/airflow/dags/subdags/subdag_downloads.py
[2024-05-01T13:51:00.410+0000] {processor.py:756} INFO - Processing file /opt/airflow/dags/subdags/subdag_downloads.py for tasks to queue
[2024-05-01T13:51:00.410+0000] {logging_mixin.py:120} INFO - [2024-05-01T13:51:00.410+0000] {dagbag.py:537} INFO - Filling up the DagBag from /opt/airflow/dags/subdags/subdag_downloads.py
[2024-05-01T13:51:00.427+0000] {processor.py:768} WARNING - No viable dags retrieved from /opt/airflow/dags/subdags/subdag_downloads.py
[2024-05-01T13:51:00.439+0000] {processor.py:176} INFO - Processing /opt/airflow/dags/subdags/subdag_downloads.py took 0.032 seconds
[2024-05-01T13:51:31.000+0000] {processor.py:154} INFO - Started process (PID=8552) to work on /opt/airflow/dags/subdags/subdag_downloads.py
[2024-05-01T13:51:31.001+0000] {processor.py:756} INFO - Processing file /opt/airflow/dags/subdags/subdag_downloads.py for tasks to queue
[2024-05-01T13:51:31.002+0000] {logging_mixin.py:120} INFO - [2024-05-01T13:51:31.002+0000] {dagbag.py:537} INFO - Filling up the DagBag from /opt/airflow/dags/subdags/subdag_downloads.py
[2024-05-01T13:51:31.019+0000] {processor.py:768} WARNING - No viable dags retrieved from /opt/airflow/dags/subdags/subdag_downloads.py
[2024-05-01T13:51:31.031+0000] {processor.py:176} INFO - Processing /opt/airflow/dags/subdags/subdag_downloads.py took 0.033 seconds
[2024-05-01T13:52:01.336+0000] {processor.py:154} INFO - Started process (PID=8580) to work on /opt/airflow/dags/subdags/subdag_downloads.py
[2024-05-01T13:52:01.337+0000] {processor.py:756} INFO - Processing file /opt/airflow/dags/subdags/subdag_downloads.py for tasks to queue
[2024-05-01T13:52:01.338+0000] {logging_mixin.py:120} INFO - [2024-05-01T13:52:01.338+0000] {dagbag.py:537} INFO - Filling up the DagBag from /opt/airflow/dags/subdags/subdag_downloads.py
[2024-05-01T13:52:01.357+0000] {processor.py:768} WARNING - No viable dags retrieved from /opt/airflow/dags/subdags/subdag_downloads.py
[2024-05-01T13:52:01.372+0000] {processor.py:176} INFO - Processing /opt/airflow/dags/subdags/subdag_downloads.py took 0.039 seconds
[2024-05-01T13:52:31.482+0000] {processor.py:154} INFO - Started process (PID=8615) to work on /opt/airflow/dags/subdags/subdag_downloads.py
[2024-05-01T13:52:31.482+0000] {processor.py:756} INFO - Processing file /opt/airflow/dags/subdags/subdag_downloads.py for tasks to queue
[2024-05-01T13:52:31.483+0000] {logging_mixin.py:120} INFO - [2024-05-01T13:52:31.483+0000] {dagbag.py:537} INFO - Filling up the DagBag from /opt/airflow/dags/subdags/subdag_downloads.py
[2024-05-01T13:52:31.498+0000] {processor.py:768} WARNING - No viable dags retrieved from /opt/airflow/dags/subdags/subdag_downloads.py
[2024-05-01T13:52:31.509+0000] {processor.py:176} INFO - Processing /opt/airflow/dags/subdags/subdag_downloads.py took 0.030 seconds
[2024-05-01T13:53:01.664+0000] {processor.py:154} INFO - Started process (PID=8650) to work on /opt/airflow/dags/subdags/subdag_downloads.py
[2024-05-01T13:53:01.665+0000] {processor.py:756} INFO - Processing file /opt/airflow/dags/subdags/subdag_downloads.py for tasks to queue
[2024-05-01T13:53:01.665+0000] {logging_mixin.py:120} INFO - [2024-05-01T13:53:01.665+0000] {dagbag.py:537} INFO - Filling up the DagBag from /opt/airflow/dags/subdags/subdag_downloads.py
[2024-05-01T13:53:01.683+0000] {processor.py:768} WARNING - No viable dags retrieved from /opt/airflow/dags/subdags/subdag_downloads.py
[2024-05-01T13:53:01.693+0000] {processor.py:176} INFO - Processing /opt/airflow/dags/subdags/subdag_downloads.py took 0.032 seconds
[2024-05-01T13:53:31.820+0000] {processor.py:154} INFO - Started process (PID=8676) to work on /opt/airflow/dags/subdags/subdag_downloads.py
[2024-05-01T13:53:31.822+0000] {processor.py:756} INFO - Processing file /opt/airflow/dags/subdags/subdag_downloads.py for tasks to queue
[2024-05-01T13:53:31.823+0000] {logging_mixin.py:120} INFO - [2024-05-01T13:53:31.823+0000] {dagbag.py:537} INFO - Filling up the DagBag from /opt/airflow/dags/subdags/subdag_downloads.py
[2024-05-01T13:53:31.848+0000] {processor.py:768} WARNING - No viable dags retrieved from /opt/airflow/dags/subdags/subdag_downloads.py
[2024-05-01T13:53:31.865+0000] {processor.py:176} INFO - Processing /opt/airflow/dags/subdags/subdag_downloads.py took 0.049 seconds
[2024-05-01T13:54:02.043+0000] {processor.py:154} INFO - Started process (PID=8711) to work on /opt/airflow/dags/subdags/subdag_downloads.py
[2024-05-01T13:54:02.044+0000] {processor.py:756} INFO - Processing file /opt/airflow/dags/subdags/subdag_downloads.py for tasks to queue
[2024-05-01T13:54:02.045+0000] {logging_mixin.py:120} INFO - [2024-05-01T13:54:02.045+0000] {dagbag.py:537} INFO - Filling up the DagBag from /opt/airflow/dags/subdags/subdag_downloads.py
[2024-05-01T13:54:02.060+0000] {processor.py:768} WARNING - No viable dags retrieved from /opt/airflow/dags/subdags/subdag_downloads.py
[2024-05-01T13:54:02.072+0000] {processor.py:176} INFO - Processing /opt/airflow/dags/subdags/subdag_downloads.py took 0.032 seconds
[2024-05-01T13:54:32.174+0000] {processor.py:154} INFO - Started process (PID=8746) to work on /opt/airflow/dags/subdags/subdag_downloads.py
[2024-05-01T13:54:32.175+0000] {processor.py:756} INFO - Processing file /opt/airflow/dags/subdags/subdag_downloads.py for tasks to queue
[2024-05-01T13:54:32.176+0000] {logging_mixin.py:120} INFO - [2024-05-01T13:54:32.176+0000] {dagbag.py:537} INFO - Filling up the DagBag from /opt/airflow/dags/subdags/subdag_downloads.py
[2024-05-01T13:54:32.192+0000] {processor.py:768} WARNING - No viable dags retrieved from /opt/airflow/dags/subdags/subdag_downloads.py
[2024-05-01T13:54:32.205+0000] {processor.py:176} INFO - Processing /opt/airflow/dags/subdags/subdag_downloads.py took 0.033 seconds
[2024-05-01T13:55:03.017+0000] {processor.py:154} INFO - Started process (PID=8773) to work on /opt/airflow/dags/subdags/subdag_downloads.py
[2024-05-01T13:55:03.018+0000] {processor.py:756} INFO - Processing file /opt/airflow/dags/subdags/subdag_downloads.py for tasks to queue
[2024-05-01T13:55:03.019+0000] {logging_mixin.py:120} INFO - [2024-05-01T13:55:03.019+0000] {dagbag.py:537} INFO - Filling up the DagBag from /opt/airflow/dags/subdags/subdag_downloads.py
[2024-05-01T13:55:03.039+0000] {processor.py:768} WARNING - No viable dags retrieved from /opt/airflow/dags/subdags/subdag_downloads.py
[2024-05-01T13:55:03.054+0000] {processor.py:176} INFO - Processing /opt/airflow/dags/subdags/subdag_downloads.py took 0.038 seconds
[2024-05-01T13:55:33.197+0000] {processor.py:154} INFO - Started process (PID=8808) to work on /opt/airflow/dags/subdags/subdag_downloads.py
[2024-05-01T13:55:33.197+0000] {processor.py:756} INFO - Processing file /opt/airflow/dags/subdags/subdag_downloads.py for tasks to queue
[2024-05-01T13:55:33.199+0000] {logging_mixin.py:120} INFO - [2024-05-01T13:55:33.198+0000] {dagbag.py:537} INFO - Filling up the DagBag from /opt/airflow/dags/subdags/subdag_downloads.py
[2024-05-01T13:55:33.215+0000] {processor.py:768} WARNING - No viable dags retrieved from /opt/airflow/dags/subdags/subdag_downloads.py
[2024-05-01T13:55:33.226+0000] {processor.py:176} INFO - Processing /opt/airflow/dags/subdags/subdag_downloads.py took 0.033 seconds
