[2024-05-01T16:05:17.469+0000] {taskinstance.py:1165} INFO - Dependencies all met for <TaskInstance: xcom_dag.branch manual__2024-05-01T16:05:14.611882+00:00 [queued]>
[2024-05-01T16:05:17.479+0000] {taskinstance.py:1165} INFO - Dependencies all met for <TaskInstance: xcom_dag.branch manual__2024-05-01T16:05:14.611882+00:00 [queued]>
[2024-05-01T16:05:17.480+0000] {taskinstance.py:1362} INFO - 
--------------------------------------------------------------------------------
[2024-05-01T16:05:17.480+0000] {taskinstance.py:1363} INFO - Starting attempt 1 of 1
[2024-05-01T16:05:17.481+0000] {taskinstance.py:1364} INFO - 
--------------------------------------------------------------------------------
[2024-05-01T16:05:17.513+0000] {taskinstance.py:1383} INFO - Executing <Task(BranchPythonOperator): branch> on 2024-05-01 16:05:14.611882+00:00
[2024-05-01T16:05:17.519+0000] {standard_task_runner.py:55} INFO - Started process 13234 to run task
[2024-05-01T16:05:17.522+0000] {standard_task_runner.py:82} INFO - Running: ['***', 'tasks', 'run', 'xcom_dag', 'branch', 'manual__2024-05-01T16:05:14.611882+00:00', '--job-id', '59', '--raw', '--subdir', 'DAGS_FOLDER/xcom_dag.py', '--cfg-path', '/tmp/tmppaa2h0ck']
[2024-05-01T16:05:17.522+0000] {standard_task_runner.py:83} INFO - Job 59: Subtask branch
[2024-05-01T16:05:17.585+0000] {task_command.py:376} INFO - Running <TaskInstance: xcom_dag.branch manual__2024-05-01T16:05:14.611882+00:00 [running]> on host 2b3d48884d47
[2024-05-01T16:05:17.650+0000] {taskinstance.py:1592} INFO - Exporting the following env vars:
AIRFLOW_CTX_DAG_OWNER=***
AIRFLOW_CTX_DAG_ID=xcom_dag
AIRFLOW_CTX_TASK_ID=branch
AIRFLOW_CTX_EXECUTION_DATE=2024-05-01T16:05:14.611882+00:00
AIRFLOW_CTX_TRY_NUMBER=1
AIRFLOW_CTX_DAG_RUN_ID=manual__2024-05-01T16:05:14.611882+00:00
[2024-05-01T16:05:17.662+0000] {python.py:177} INFO - Done. Returned value was: t2
[2024-05-01T16:05:17.663+0000] {skipmixin.py:155} INFO - Following branch t2
[2024-05-01T16:05:17.663+0000] {skipmixin.py:190} INFO - Skipping tasks ['t3']
[2024-05-01T16:05:17.705+0000] {taskinstance.py:1406} INFO - Marking task as SUCCESS. dag_id=xcom_dag, task_id=branch, execution_date=20240501T160514, start_date=20240501T160517, end_date=20240501T160517
[2024-05-01T16:05:17.736+0000] {local_task_job.py:164} INFO - Task exited with return code 0
[2024-05-01T16:05:17.773+0000] {local_task_job.py:273} INFO - 1 downstream tasks scheduled from follow-on schedule check
