[2024-04-30T10:09:58.951+0000] {taskinstance.py:1165} INFO - Dependencies all met for <TaskInstance: example_bash_operator.this_will_skip scheduled__2024-04-29T00:00:00+00:00 [queued]>
[2024-04-30T10:09:58.991+0000] {taskinstance.py:1165} INFO - Dependencies all met for <TaskInstance: example_bash_operator.this_will_skip scheduled__2024-04-29T00:00:00+00:00 [queued]>
[2024-04-30T10:09:58.992+0000] {taskinstance.py:1362} INFO - 
--------------------------------------------------------------------------------
[2024-04-30T10:09:58.993+0000] {taskinstance.py:1363} INFO - Starting attempt 1 of 1
[2024-04-30T10:09:58.993+0000] {taskinstance.py:1364} INFO - 
--------------------------------------------------------------------------------
[2024-04-30T10:09:59.049+0000] {taskinstance.py:1383} INFO - Executing <Task(BashOperator): this_will_skip> on 2024-04-29 00:00:00+00:00
[2024-04-30T10:09:59.055+0000] {standard_task_runner.py:55} INFO - Started process 643 to run task
[2024-04-30T10:09:59.068+0000] {standard_task_runner.py:82} INFO - Running: ['***', 'tasks', 'run', 'example_bash_operator', 'this_will_skip', 'scheduled__2024-04-29T00:00:00+00:00', '--job-id', '6', '--raw', '--subdir', '/home/***/.local/lib/python3.7/site-packages/***/example_dags/example_bash_operator.py', '--cfg-path', '/tmp/tmpilbs0lm9']
[2024-04-30T10:09:59.069+0000] {standard_task_runner.py:83} INFO - Job 6: Subtask this_will_skip
[2024-04-30T10:09:59.252+0000] {task_command.py:376} INFO - Running <TaskInstance: example_bash_operator.this_will_skip scheduled__2024-04-29T00:00:00+00:00 [running]> on host 8cfdb13b9a51
[2024-04-30T10:09:59.374+0000] {taskinstance.py:1592} INFO - Exporting the following env vars:
AIRFLOW_CTX_DAG_OWNER=***
AIRFLOW_CTX_DAG_ID=example_bash_operator
AIRFLOW_CTX_TASK_ID=this_will_skip
AIRFLOW_CTX_EXECUTION_DATE=2024-04-29T00:00:00+00:00
AIRFLOW_CTX_TRY_NUMBER=1
AIRFLOW_CTX_DAG_RUN_ID=scheduled__2024-04-29T00:00:00+00:00
[2024-04-30T10:09:59.378+0000] {subprocess.py:63} INFO - Tmp dir root location: 
 /tmp
[2024-04-30T10:09:59.380+0000] {subprocess.py:75} INFO - Running command: ['/bin/bash', '-c', 'echo "hello world"; exit 99;']
[2024-04-30T10:09:59.394+0000] {subprocess.py:86} INFO - Output:
[2024-04-30T10:09:59.396+0000] {subprocess.py:93} INFO - hello world
[2024-04-30T10:09:59.397+0000] {subprocess.py:97} INFO - Command exited with return code 99
[2024-04-30T10:09:59.399+0000] {taskinstance.py:1481} INFO - Bash command returned exit code 99. Skipping.
[2024-04-30T10:09:59.412+0000] {taskinstance.py:1406} INFO - Marking task as SKIPPED. dag_id=example_bash_operator, task_id=this_will_skip, execution_date=20240429T000000, start_date=20240430T100958, end_date=20240430T100959
[2024-04-30T10:09:59.449+0000] {local_task_job.py:164} INFO - Task exited with return code 0
[2024-04-30T10:09:59.484+0000] {local_task_job.py:273} INFO - 0 downstream tasks scheduled from follow-on schedule check
