[2024-04-30T10:13:32.820+0000] {taskinstance.py:1165} INFO - Dependencies all met for <TaskInstance: example_bash_operator.this_will_skip scheduled__2024-04-29T00:00:00+00:00 [queued]>
[2024-04-30T10:13:32.832+0000] {taskinstance.py:1165} INFO - Dependencies all met for <TaskInstance: example_bash_operator.this_will_skip scheduled__2024-04-29T00:00:00+00:00 [queued]>
[2024-04-30T10:13:32.832+0000] {taskinstance.py:1362} INFO - 
--------------------------------------------------------------------------------
[2024-04-30T10:13:32.833+0000] {taskinstance.py:1363} INFO - Starting attempt 2 of 2
[2024-04-30T10:13:32.833+0000] {taskinstance.py:1364} INFO - 
--------------------------------------------------------------------------------
[2024-04-30T10:13:32.858+0000] {taskinstance.py:1383} INFO - Executing <Task(BashOperator): this_will_skip> on 2024-04-29 00:00:00+00:00
[2024-04-30T10:13:32.863+0000] {standard_task_runner.py:55} INFO - Started process 831 to run task
[2024-04-30T10:13:32.868+0000] {standard_task_runner.py:82} INFO - Running: ['***', 'tasks', 'run', 'example_bash_operator', 'this_will_skip', 'scheduled__2024-04-29T00:00:00+00:00', '--job-id', '10', '--raw', '--subdir', '/home/***/.local/lib/python3.7/site-packages/***/example_dags/example_bash_operator.py', '--cfg-path', '/tmp/tmph3wsaz48']
[2024-04-30T10:13:32.869+0000] {standard_task_runner.py:83} INFO - Job 10: Subtask this_will_skip
[2024-04-30T10:13:32.954+0000] {task_command.py:376} INFO - Running <TaskInstance: example_bash_operator.this_will_skip scheduled__2024-04-29T00:00:00+00:00 [running]> on host 8cfdb13b9a51
[2024-04-30T10:13:33.042+0000] {taskinstance.py:1592} INFO - Exporting the following env vars:
AIRFLOW_CTX_DAG_OWNER=***
AIRFLOW_CTX_DAG_ID=example_bash_operator
AIRFLOW_CTX_TASK_ID=this_will_skip
AIRFLOW_CTX_EXECUTION_DATE=2024-04-29T00:00:00+00:00
AIRFLOW_CTX_TRY_NUMBER=2
AIRFLOW_CTX_DAG_RUN_ID=scheduled__2024-04-29T00:00:00+00:00
[2024-04-30T10:13:33.044+0000] {subprocess.py:63} INFO - Tmp dir root location: 
 /tmp
[2024-04-30T10:13:33.045+0000] {subprocess.py:75} INFO - Running command: ['/bin/bash', '-c', 'echo "hello world"; exit 99;']
[2024-04-30T10:13:33.060+0000] {subprocess.py:86} INFO - Output:
[2024-04-30T10:13:33.061+0000] {subprocess.py:93} INFO - hello world
[2024-04-30T10:13:33.062+0000] {subprocess.py:97} INFO - Command exited with return code 99
[2024-04-30T10:13:33.064+0000] {taskinstance.py:1481} INFO - Bash command returned exit code 99. Skipping.
[2024-04-30T10:13:33.075+0000] {taskinstance.py:1406} INFO - Marking task as SKIPPED. dag_id=example_bash_operator, task_id=this_will_skip, execution_date=20240429T000000, start_date=20240430T101332, end_date=20240430T101333
[2024-04-30T10:13:33.119+0000] {local_task_job.py:164} INFO - Task exited with return code 0
[2024-04-30T10:13:33.145+0000] {local_task_job.py:273} INFO - 0 downstream tasks scheduled from follow-on schedule check
