[2024-05-01T10:54:11.663+0000] {taskinstance.py:1165} INFO - Dependencies all met for <TaskInstance: user_processing.is_api_available scheduled__2024-04-30T10:53:38.756374+00:00 [queued]>
[2024-05-01T10:54:11.671+0000] {taskinstance.py:1165} INFO - Dependencies all met for <TaskInstance: user_processing.is_api_available scheduled__2024-04-30T10:53:38.756374+00:00 [queued]>
[2024-05-01T10:54:11.671+0000] {taskinstance.py:1362} INFO - 
--------------------------------------------------------------------------------
[2024-05-01T10:54:11.671+0000] {taskinstance.py:1363} INFO - Starting attempt 1 of 1
[2024-05-01T10:54:11.672+0000] {taskinstance.py:1364} INFO - 
--------------------------------------------------------------------------------
[2024-05-01T10:54:11.684+0000] {taskinstance.py:1383} INFO - Executing <Task(HttpSensor): is_api_available> on 2024-04-30 10:53:38.756374+00:00
[2024-05-01T10:54:11.689+0000] {standard_task_runner.py:55} INFO - Started process 191 to run task
[2024-05-01T10:54:11.691+0000] {standard_task_runner.py:82} INFO - Running: ['***', 'tasks', 'run', 'user_processing', 'is_api_available', 'scheduled__2024-04-30T10:53:38.756374+00:00', '--job-id', '8', '--raw', '--subdir', 'DAGS_FOLDER/user_processing.py', '--cfg-path', '/tmp/tmp7e1ogu2i']
[2024-05-01T10:54:11.692+0000] {standard_task_runner.py:83} INFO - Job 8: Subtask is_api_available
[2024-05-01T10:54:11.745+0000] {task_command.py:376} INFO - Running <TaskInstance: user_processing.is_api_available scheduled__2024-04-30T10:53:38.756374+00:00 [running]> on host 3081978b9eea
[2024-05-01T10:54:11.803+0000] {taskinstance.py:1592} INFO - Exporting the following env vars:
AIRFLOW_CTX_DAG_OWNER=***
AIRFLOW_CTX_DAG_ID=user_processing
AIRFLOW_CTX_TASK_ID=is_api_available
AIRFLOW_CTX_EXECUTION_DATE=2024-04-30T10:53:38.756374+00:00
AIRFLOW_CTX_TRY_NUMBER=1
AIRFLOW_CTX_DAG_RUN_ID=scheduled__2024-04-30T10:53:38.756374+00:00
[2024-05-01T10:54:11.804+0000] {http.py:120} INFO - Poking: api/
[2024-05-01T10:54:11.813+0000] {base.py:71} INFO - Using connection ID 'user_api' for task execution.
[2024-05-01T10:54:11.818+0000] {http.py:148} INFO - Sending 'GET' to url: https://randomuser.me/api/
[2024-05-01T10:54:12.422+0000] {base.py:213} INFO - Success criteria met. Exiting.
[2024-05-01T10:54:12.434+0000] {taskinstance.py:1406} INFO - Marking task as SUCCESS. dag_id=user_processing, task_id=is_api_available, execution_date=20240430T105338, start_date=20240501T105411, end_date=20240501T105412
[2024-05-01T10:54:12.465+0000] {local_task_job.py:164} INFO - Task exited with return code 0
[2024-05-01T10:54:12.502+0000] {local_task_job.py:273} INFO - 1 downstream tasks scheduled from follow-on schedule check
