[2024-05-01T16:03:10.559+0000] {taskinstance.py:1165} INFO - Dependencies all met for <TaskInstance: xcom_dag.t1 manual__2024-05-01T16:03:08.428168+00:00 [queued]>
[2024-05-01T16:03:10.582+0000] {taskinstance.py:1165} INFO - Dependencies all met for <TaskInstance: xcom_dag.t1 manual__2024-05-01T16:03:08.428168+00:00 [queued]>
[2024-05-01T16:03:10.583+0000] {taskinstance.py:1362} INFO - 
--------------------------------------------------------------------------------
[2024-05-01T16:03:10.583+0000] {taskinstance.py:1363} INFO - Starting attempt 1 of 1
[2024-05-01T16:03:10.584+0000] {taskinstance.py:1364} INFO - 
--------------------------------------------------------------------------------
[2024-05-01T16:03:10.608+0000] {taskinstance.py:1383} INFO - Executing <Task(PythonOperator): t1> on 2024-05-01 16:03:08.428168+00:00
[2024-05-01T16:03:10.616+0000] {standard_task_runner.py:55} INFO - Started process 13127 to run task
[2024-05-01T16:03:10.619+0000] {standard_task_runner.py:82} INFO - Running: ['***', 'tasks', 'run', 'xcom_dag', 't1', 'manual__2024-05-01T16:03:08.428168+00:00', '--job-id', '55', '--raw', '--subdir', 'DAGS_FOLDER/xcom_dag.py', '--cfg-path', '/tmp/tmpzy5g0g_s']
[2024-05-01T16:03:10.621+0000] {standard_task_runner.py:83} INFO - Job 55: Subtask t1
[2024-05-01T16:03:10.707+0000] {task_command.py:376} INFO - Running <TaskInstance: xcom_dag.t1 manual__2024-05-01T16:03:08.428168+00:00 [running]> on host 2b3d48884d47
[2024-05-01T16:03:10.833+0000] {taskinstance.py:1592} INFO - Exporting the following env vars:
AIRFLOW_CTX_DAG_OWNER=***
AIRFLOW_CTX_DAG_ID=xcom_dag
AIRFLOW_CTX_TASK_ID=t1
AIRFLOW_CTX_EXECUTION_DATE=2024-05-01T16:03:08.428168+00:00
AIRFLOW_CTX_TRY_NUMBER=1
AIRFLOW_CTX_DAG_RUN_ID=manual__2024-05-01T16:03:08.428168+00:00
[2024-05-01T16:03:10.855+0000] {python.py:177} INFO - Done. Returned value was: None
[2024-05-01T16:03:10.874+0000] {taskinstance.py:1406} INFO - Marking task as SUCCESS. dag_id=xcom_dag, task_id=t1, execution_date=20240501T160308, start_date=20240501T160310, end_date=20240501T160310
[2024-05-01T16:03:10.920+0000] {local_task_job.py:164} INFO - Task exited with return code 0
[2024-05-01T16:03:10.962+0000] {local_task_job.py:273} INFO - 1 downstream tasks scheduled from follow-on schedule check
