[2024-05-01T01:37:57.374+0000] {taskinstance.py:1165} INFO - Dependencies all met for <TaskInstance: user_processing.process_user scheduled__2024-04-30T00:00:00+00:00 [queued]>
[2024-05-01T01:37:57.383+0000] {taskinstance.py:1165} INFO - Dependencies all met for <TaskInstance: user_processing.process_user scheduled__2024-04-30T00:00:00+00:00 [queued]>
[2024-05-01T01:37:57.383+0000] {taskinstance.py:1362} INFO - 
--------------------------------------------------------------------------------
[2024-05-01T01:37:57.384+0000] {taskinstance.py:1363} INFO - Starting attempt 1 of 1
[2024-05-01T01:37:57.384+0000] {taskinstance.py:1364} INFO - 
--------------------------------------------------------------------------------
[2024-05-01T01:37:57.396+0000] {taskinstance.py:1383} INFO - Executing <Task(PythonOperator): process_user> on 2024-04-30 00:00:00+00:00
[2024-05-01T01:37:57.402+0000] {standard_task_runner.py:55} INFO - Started process 2265 to run task
[2024-05-01T01:37:57.404+0000] {standard_task_runner.py:82} INFO - Running: ['***', 'tasks', 'run', 'user_processing', 'process_user', 'scheduled__2024-04-30T00:00:00+00:00', '--job-id', '15', '--raw', '--subdir', 'DAGS_FOLDER/user_processing.py', '--cfg-path', '/tmp/tmpjg_rznqr']
[2024-05-01T01:37:57.406+0000] {standard_task_runner.py:83} INFO - Job 15: Subtask process_user
[2024-05-01T01:37:57.457+0000] {task_command.py:376} INFO - Running <TaskInstance: user_processing.process_user scheduled__2024-04-30T00:00:00+00:00 [running]> on host fe27111d44a9
[2024-05-01T01:37:57.519+0000] {taskinstance.py:1592} INFO - Exporting the following env vars:
AIRFLOW_CTX_DAG_OWNER=***
AIRFLOW_CTX_DAG_ID=user_processing
AIRFLOW_CTX_TASK_ID=process_user
AIRFLOW_CTX_EXECUTION_DATE=2024-04-30T00:00:00+00:00
AIRFLOW_CTX_TRY_NUMBER=1
AIRFLOW_CTX_DAG_RUN_ID=scheduled__2024-04-30T00:00:00+00:00
[2024-05-01T01:37:57.563+0000] {python.py:177} INFO - Done. Returned value was: None
[2024-05-01T01:37:57.571+0000] {taskinstance.py:1406} INFO - Marking task as SUCCESS. dag_id=user_processing, task_id=process_user, execution_date=20240430T000000, start_date=20240501T013757, end_date=20240501T013757
[2024-05-01T01:37:57.616+0000] {local_task_job.py:164} INFO - Task exited with return code 0
[2024-05-01T01:37:57.635+0000] {local_task_job.py:273} INFO - 1 downstream tasks scheduled from follow-on schedule check
[2024-05-01T01:41:00.326+0000] {taskinstance.py:1165} INFO - Dependencies all met for <TaskInstance: user_processing.process_user scheduled__2024-04-30T00:00:00+00:00 [queued]>
[2024-05-01T01:41:00.335+0000] {taskinstance.py:1165} INFO - Dependencies all met for <TaskInstance: user_processing.process_user scheduled__2024-04-30T00:00:00+00:00 [queued]>
[2024-05-01T01:41:00.336+0000] {taskinstance.py:1362} INFO - 
--------------------------------------------------------------------------------
[2024-05-01T01:41:00.336+0000] {taskinstance.py:1363} INFO - Starting attempt 1 of 1
[2024-05-01T01:41:00.337+0000] {taskinstance.py:1364} INFO - 
--------------------------------------------------------------------------------
[2024-05-01T01:41:00.349+0000] {taskinstance.py:1383} INFO - Executing <Task(PythonOperator): process_user> on 2024-04-30 00:00:00+00:00
[2024-05-01T01:41:00.354+0000] {standard_task_runner.py:55} INFO - Started process 2424 to run task
[2024-05-01T01:41:00.356+0000] {standard_task_runner.py:82} INFO - Running: ['***', 'tasks', 'run', 'user_processing', 'process_user', 'scheduled__2024-04-30T00:00:00+00:00', '--job-id', '20', '--raw', '--subdir', 'DAGS_FOLDER/user_processing.py', '--cfg-path', '/tmp/tmpa4g0196t']
[2024-05-01T01:41:00.358+0000] {standard_task_runner.py:83} INFO - Job 20: Subtask process_user
[2024-05-01T01:41:00.408+0000] {task_command.py:376} INFO - Running <TaskInstance: user_processing.process_user scheduled__2024-04-30T00:00:00+00:00 [running]> on host fe27111d44a9
[2024-05-01T01:41:00.467+0000] {taskinstance.py:1592} INFO - Exporting the following env vars:
AIRFLOW_CTX_DAG_OWNER=***
AIRFLOW_CTX_DAG_ID=user_processing
AIRFLOW_CTX_TASK_ID=process_user
AIRFLOW_CTX_EXECUTION_DATE=2024-04-30T00:00:00+00:00
AIRFLOW_CTX_TRY_NUMBER=1
AIRFLOW_CTX_DAG_RUN_ID=scheduled__2024-04-30T00:00:00+00:00
[2024-05-01T01:41:00.483+0000] {python.py:177} INFO - Done. Returned value was: None
[2024-05-01T01:41:00.491+0000] {taskinstance.py:1406} INFO - Marking task as SUCCESS. dag_id=user_processing, task_id=process_user, execution_date=20240430T000000, start_date=20240501T014100, end_date=20240501T014100
[2024-05-01T01:41:00.528+0000] {local_task_job.py:164} INFO - Task exited with return code 0
[2024-05-01T01:41:00.549+0000] {local_task_job.py:273} INFO - 1 downstream tasks scheduled from follow-on schedule check
