[2024-05-01T10:54:14.688+0000] {taskinstance.py:1165} INFO - Dependencies all met for <TaskInstance: user_processing.process_user scheduled__2024-04-30T10:53:38.756374+00:00 [queued]>
[2024-05-01T10:54:14.696+0000] {taskinstance.py:1165} INFO - Dependencies all met for <TaskInstance: user_processing.process_user scheduled__2024-04-30T10:53:38.756374+00:00 [queued]>
[2024-05-01T10:54:14.697+0000] {taskinstance.py:1362} INFO - 
--------------------------------------------------------------------------------
[2024-05-01T10:54:14.698+0000] {taskinstance.py:1363} INFO - Starting attempt 1 of 1
[2024-05-01T10:54:14.698+0000] {taskinstance.py:1364} INFO - 
--------------------------------------------------------------------------------
[2024-05-01T10:54:14.710+0000] {taskinstance.py:1383} INFO - Executing <Task(PythonOperator): process_user> on 2024-04-30 10:53:38.756374+00:00
[2024-05-01T10:54:14.716+0000] {standard_task_runner.py:55} INFO - Started process 212 to run task
[2024-05-01T10:54:14.719+0000] {standard_task_runner.py:82} INFO - Running: ['***', 'tasks', 'run', 'user_processing', 'process_user', 'scheduled__2024-04-30T10:53:38.756374+00:00', '--job-id', '13', '--raw', '--subdir', 'DAGS_FOLDER/user_processing.py', '--cfg-path', '/tmp/tmpbczs272v']
[2024-05-01T10:54:14.720+0000] {standard_task_runner.py:83} INFO - Job 13: Subtask process_user
[2024-05-01T10:54:14.771+0000] {task_command.py:376} INFO - Running <TaskInstance: user_processing.process_user scheduled__2024-04-30T10:53:38.756374+00:00 [running]> on host 3081978b9eea
[2024-05-01T10:54:14.827+0000] {taskinstance.py:1592} INFO - Exporting the following env vars:
AIRFLOW_CTX_DAG_OWNER=***
AIRFLOW_CTX_DAG_ID=user_processing
AIRFLOW_CTX_TASK_ID=process_user
AIRFLOW_CTX_EXECUTION_DATE=2024-04-30T10:53:38.756374+00:00
AIRFLOW_CTX_TRY_NUMBER=1
AIRFLOW_CTX_DAG_RUN_ID=scheduled__2024-04-30T10:53:38.756374+00:00
[2024-05-01T10:54:14.859+0000] {python.py:177} INFO - Done. Returned value was: None
[2024-05-01T10:54:14.868+0000] {taskinstance.py:1406} INFO - Marking task as SUCCESS. dag_id=user_processing, task_id=process_user, execution_date=20240430T105338, start_date=20240501T105414, end_date=20240501T105414
[2024-05-01T10:54:14.891+0000] {local_task_job.py:164} INFO - Task exited with return code 0
[2024-05-01T10:54:14.914+0000] {local_task_job.py:273} INFO - 1 downstream tasks scheduled from follow-on schedule check
