[2024-05-01T10:55:09.822+0000] {taskinstance.py:1165} INFO - Dependencies all met for <TaskInstance: parallel_dag.load_a manual__2024-05-01T10:55:07.212739+00:00 [queued]>
[2024-05-01T10:55:09.833+0000] {taskinstance.py:1165} INFO - Dependencies all met for <TaskInstance: parallel_dag.load_a manual__2024-05-01T10:55:07.212739+00:00 [queued]>
[2024-05-01T10:55:09.833+0000] {taskinstance.py:1362} INFO - 
--------------------------------------------------------------------------------
[2024-05-01T10:55:09.834+0000] {taskinstance.py:1363} INFO - Starting attempt 1 of 1
[2024-05-01T10:55:09.834+0000] {taskinstance.py:1364} INFO - 
--------------------------------------------------------------------------------
[2024-05-01T10:55:09.853+0000] {taskinstance.py:1383} INFO - Executing <Task(BashOperator): load_a> on 2024-05-01 10:55:07.212739+00:00
[2024-05-01T10:55:09.860+0000] {standard_task_runner.py:55} INFO - Started process 285 to run task
[2024-05-01T10:55:09.863+0000] {standard_task_runner.py:82} INFO - Running: ['***', 'tasks', 'run', 'parallel_dag', 'load_a', 'manual__2024-05-01T10:55:07.212739+00:00', '--job-id', '23', '--raw', '--subdir', 'DAGS_FOLDER/parallel_dag.py', '--cfg-path', '/tmp/tmphjv3lnnk']
[2024-05-01T10:55:09.863+0000] {standard_task_runner.py:83} INFO - Job 23: Subtask load_a
[2024-05-01T10:55:09.955+0000] {task_command.py:376} INFO - Running <TaskInstance: parallel_dag.load_a manual__2024-05-01T10:55:07.212739+00:00 [running]> on host 3081978b9eea
[2024-05-01T10:55:10.116+0000] {taskinstance.py:1592} INFO - Exporting the following env vars:
AIRFLOW_CTX_DAG_OWNER=***
AIRFLOW_CTX_DAG_ID=parallel_dag
AIRFLOW_CTX_TASK_ID=load_a
AIRFLOW_CTX_EXECUTION_DATE=2024-05-01T10:55:07.212739+00:00
AIRFLOW_CTX_TRY_NUMBER=1
AIRFLOW_CTX_DAG_RUN_ID=manual__2024-05-01T10:55:07.212739+00:00
[2024-05-01T10:55:10.117+0000] {subprocess.py:63} INFO - Tmp dir root location: 
 /tmp
[2024-05-01T10:55:10.119+0000] {subprocess.py:75} INFO - Running command: ['/bin/bash', '-c', 'sleep 1']
[2024-05-01T10:55:10.130+0000] {subprocess.py:86} INFO - Output:
[2024-05-01T10:55:11.134+0000] {subprocess.py:97} INFO - Command exited with return code 0
[2024-05-01T10:55:11.157+0000] {taskinstance.py:1406} INFO - Marking task as SUCCESS. dag_id=parallel_dag, task_id=load_a, execution_date=20240501T105507, start_date=20240501T105509, end_date=20240501T105511
[2024-05-01T10:55:11.199+0000] {local_task_job.py:164} INFO - Task exited with return code 0
[2024-05-01T10:55:11.221+0000] {local_task_job.py:273} INFO - 0 downstream tasks scheduled from follow-on schedule check
