[2024-05-01T10:54:10.508+0000] {taskinstance.py:1165} INFO - Dependencies all met for <TaskInstance: user_processing.create_table scheduled__2024-04-30T10:53:38.756374+00:00 [queued]>
[2024-05-01T10:54:10.517+0000] {taskinstance.py:1165} INFO - Dependencies all met for <TaskInstance: user_processing.create_table scheduled__2024-04-30T10:53:38.756374+00:00 [queued]>
[2024-05-01T10:54:10.518+0000] {taskinstance.py:1362} INFO - 
--------------------------------------------------------------------------------
[2024-05-01T10:54:10.518+0000] {taskinstance.py:1363} INFO - Starting attempt 1 of 1
[2024-05-01T10:54:10.519+0000] {taskinstance.py:1364} INFO - 
--------------------------------------------------------------------------------
[2024-05-01T10:54:10.532+0000] {taskinstance.py:1383} INFO - Executing <Task(PostgresOperator): create_table> on 2024-04-30 10:53:38.756374+00:00
[2024-05-01T10:54:10.537+0000] {standard_task_runner.py:55} INFO - Started process 188 to run task
[2024-05-01T10:54:10.540+0000] {standard_task_runner.py:82} INFO - Running: ['***', 'tasks', 'run', 'user_processing', 'create_table', 'scheduled__2024-04-30T10:53:38.756374+00:00', '--job-id', '7', '--raw', '--subdir', 'DAGS_FOLDER/user_processing.py', '--cfg-path', '/tmp/tmp1n6zedzi']
[2024-05-01T10:54:10.541+0000] {standard_task_runner.py:83} INFO - Job 7: Subtask create_table
[2024-05-01T10:54:10.593+0000] {task_command.py:376} INFO - Running <TaskInstance: user_processing.create_table scheduled__2024-04-30T10:53:38.756374+00:00 [running]> on host 3081978b9eea
[2024-05-01T10:54:10.656+0000] {taskinstance.py:1592} INFO - Exporting the following env vars:
AIRFLOW_CTX_DAG_OWNER=***
AIRFLOW_CTX_DAG_ID=user_processing
AIRFLOW_CTX_TASK_ID=create_table
AIRFLOW_CTX_EXECUTION_DATE=2024-04-30T10:53:38.756374+00:00
AIRFLOW_CTX_TRY_NUMBER=1
AIRFLOW_CTX_DAG_RUN_ID=scheduled__2024-04-30T10:53:38.756374+00:00
[2024-05-01T10:54:10.667+0000] {base.py:71} INFO - Using connection ID 'postgres' for task execution.
[2024-05-01T10:54:10.672+0000] {sql.py:315} INFO - Running statement: 
            CREATE TABLE IF NOT EXISTS users (
                firstname TEXT NOT NULL,
                lastname TEXT NOT NULL,
                country TEXT NOT NULL,
                username TEXT NOT NULL,
                password TEXT NOT NULL,
                email TEXT NOT NULL
            );
        , parameters: None
[2024-05-01T10:54:10.717+0000] {taskinstance.py:1406} INFO - Marking task as SUCCESS. dag_id=user_processing, task_id=create_table, execution_date=20240430T105338, start_date=20240501T105410, end_date=20240501T105410
[2024-05-01T10:54:10.752+0000] {local_task_job.py:164} INFO - Task exited with return code 0
[2024-05-01T10:54:10.786+0000] {local_task_job.py:273} INFO - 1 downstream tasks scheduled from follow-on schedule check
