[2024-05-01T10:55:04.693+0000] {taskinstance.py:1165} INFO - Dependencies all met for <TaskInstance: parallel_dag.transform scheduled__2024-04-30T00:00:00+00:00 [queued]>
[2024-05-01T10:55:04.702+0000] {taskinstance.py:1165} INFO - Dependencies all met for <TaskInstance: parallel_dag.transform scheduled__2024-04-30T00:00:00+00:00 [queued]>
[2024-05-01T10:55:04.703+0000] {taskinstance.py:1362} INFO - 
--------------------------------------------------------------------------------
[2024-05-01T10:55:04.703+0000] {taskinstance.py:1363} INFO - Starting attempt 1 of 1
[2024-05-01T10:55:04.704+0000] {taskinstance.py:1364} INFO - 
--------------------------------------------------------------------------------
[2024-05-01T10:55:04.718+0000] {taskinstance.py:1383} INFO - Executing <Task(BashOperator): transform> on 2024-04-30 00:00:00+00:00
[2024-05-01T10:55:04.723+0000] {standard_task_runner.py:55} INFO - Started process 265 to run task
[2024-05-01T10:55:04.725+0000] {standard_task_runner.py:82} INFO - Running: ['***', 'tasks', 'run', 'parallel_dag', 'transform', 'scheduled__2024-04-30T00:00:00+00:00', '--job-id', '19', '--raw', '--subdir', 'DAGS_FOLDER/parallel_dag.py', '--cfg-path', '/tmp/tmpfh3v9ee_']
[2024-05-01T10:55:04.726+0000] {standard_task_runner.py:83} INFO - Job 19: Subtask transform
[2024-05-01T10:55:04.783+0000] {task_command.py:376} INFO - Running <TaskInstance: parallel_dag.transform scheduled__2024-04-30T00:00:00+00:00 [running]> on host 3081978b9eea
[2024-05-01T10:55:04.873+0000] {taskinstance.py:1592} INFO - Exporting the following env vars:
AIRFLOW_CTX_DAG_OWNER=***
AIRFLOW_CTX_DAG_ID=parallel_dag
AIRFLOW_CTX_TASK_ID=transform
AIRFLOW_CTX_EXECUTION_DATE=2024-04-30T00:00:00+00:00
AIRFLOW_CTX_TRY_NUMBER=1
AIRFLOW_CTX_DAG_RUN_ID=scheduled__2024-04-30T00:00:00+00:00
[2024-05-01T10:55:04.874+0000] {subprocess.py:63} INFO - Tmp dir root location: 
 /tmp
[2024-05-01T10:55:04.875+0000] {subprocess.py:75} INFO - Running command: ['/bin/bash', '-c', 'sleep 1']
[2024-05-01T10:55:04.886+0000] {subprocess.py:86} INFO - Output:
[2024-05-01T10:55:05.889+0000] {subprocess.py:97} INFO - Command exited with return code 0
[2024-05-01T10:55:05.911+0000] {taskinstance.py:1406} INFO - Marking task as SUCCESS. dag_id=parallel_dag, task_id=transform, execution_date=20240430T000000, start_date=20240501T105504, end_date=20240501T105505
[2024-05-01T10:55:05.941+0000] {local_task_job.py:164} INFO - Task exited with return code 0
[2024-05-01T10:55:05.962+0000] {local_task_job.py:273} INFO - 0 downstream tasks scheduled from follow-on schedule check
