[2024-05-01T14:12:01.454+0000] {taskinstance.py:1165} INFO - Dependencies all met for <TaskInstance: xcom_dag.t2 scheduled__2024-04-30T00:00:00+00:00 [queued]>
[2024-05-01T14:12:01.465+0000] {taskinstance.py:1165} INFO - Dependencies all met for <TaskInstance: xcom_dag.t2 scheduled__2024-04-30T00:00:00+00:00 [queued]>
[2024-05-01T14:12:01.466+0000] {taskinstance.py:1362} INFO - 
--------------------------------------------------------------------------------
[2024-05-01T14:12:01.466+0000] {taskinstance.py:1363} INFO - Starting attempt 1 of 1
[2024-05-01T14:12:01.467+0000] {taskinstance.py:1364} INFO - 
--------------------------------------------------------------------------------
[2024-05-01T14:12:01.484+0000] {taskinstance.py:1383} INFO - Executing <Task(PythonOperator): t2> on 2024-04-30 00:00:00+00:00
[2024-05-01T14:12:01.489+0000] {standard_task_runner.py:55} INFO - Started process 7812 to run task
[2024-05-01T14:12:01.492+0000] {standard_task_runner.py:82} INFO - Running: ['***', 'tasks', 'run', 'xcom_dag', 't2', 'scheduled__2024-04-30T00:00:00+00:00', '--job-id', '50', '--raw', '--subdir', 'DAGS_FOLDER/xcom_dag.py', '--cfg-path', '/tmp/tmp5iz3a7z7']
[2024-05-01T14:12:01.492+0000] {standard_task_runner.py:83} INFO - Job 50: Subtask t2
[2024-05-01T14:12:01.553+0000] {task_command.py:376} INFO - Running <TaskInstance: xcom_dag.t2 scheduled__2024-04-30T00:00:00+00:00 [running]> on host 2b3d48884d47
[2024-05-01T14:12:01.624+0000] {taskinstance.py:1592} INFO - Exporting the following env vars:
AIRFLOW_CTX_DAG_OWNER=***
AIRFLOW_CTX_DAG_ID=xcom_dag
AIRFLOW_CTX_TASK_ID=t2
AIRFLOW_CTX_EXECUTION_DATE=2024-04-30T00:00:00+00:00
AIRFLOW_CTX_TRY_NUMBER=1
AIRFLOW_CTX_DAG_RUN_ID=scheduled__2024-04-30T00:00:00+00:00
[2024-05-01T14:12:01.625+0000] {python.py:177} INFO - Done. Returned value was: None
[2024-05-01T14:12:01.635+0000] {taskinstance.py:1406} INFO - Marking task as SUCCESS. dag_id=xcom_dag, task_id=t2, execution_date=20240430T000000, start_date=20240501T141201, end_date=20240501T141201
[2024-05-01T14:12:01.664+0000] {local_task_job.py:164} INFO - Task exited with return code 0
[2024-05-01T14:12:01.686+0000] {local_task_job.py:273} INFO - 1 downstream tasks scheduled from follow-on schedule check
