[2024-05-01T14:12:00.588+0000] {taskinstance.py:1165} INFO - Dependencies all met for <TaskInstance: xcom_dag.t1 scheduled__2024-04-30T00:00:00+00:00 [queued]>
[2024-05-01T14:12:00.598+0000] {taskinstance.py:1165} INFO - Dependencies all met for <TaskInstance: xcom_dag.t1 scheduled__2024-04-30T00:00:00+00:00 [queued]>
[2024-05-01T14:12:00.598+0000] {taskinstance.py:1362} INFO - 
--------------------------------------------------------------------------------
[2024-05-01T14:12:00.599+0000] {taskinstance.py:1363} INFO - Starting attempt 1 of 1
[2024-05-01T14:12:00.599+0000] {taskinstance.py:1364} INFO - 
--------------------------------------------------------------------------------
[2024-05-01T14:12:00.613+0000] {taskinstance.py:1383} INFO - Executing <Task(PythonOperator): t1> on 2024-04-30 00:00:00+00:00
[2024-05-01T14:12:00.618+0000] {standard_task_runner.py:55} INFO - Started process 7810 to run task
[2024-05-01T14:12:00.621+0000] {standard_task_runner.py:82} INFO - Running: ['***', 'tasks', 'run', 'xcom_dag', 't1', 'scheduled__2024-04-30T00:00:00+00:00', '--job-id', '49', '--raw', '--subdir', 'DAGS_FOLDER/xcom_dag.py', '--cfg-path', '/tmp/tmp98ec2pyk']
[2024-05-01T14:12:00.621+0000] {standard_task_runner.py:83} INFO - Job 49: Subtask t1
[2024-05-01T14:12:00.675+0000] {task_command.py:376} INFO - Running <TaskInstance: xcom_dag.t1 scheduled__2024-04-30T00:00:00+00:00 [running]> on host 2b3d48884d47
[2024-05-01T14:12:00.740+0000] {taskinstance.py:1592} INFO - Exporting the following env vars:
AIRFLOW_CTX_DAG_OWNER=***
AIRFLOW_CTX_DAG_ID=xcom_dag
AIRFLOW_CTX_TASK_ID=t1
AIRFLOW_CTX_EXECUTION_DATE=2024-04-30T00:00:00+00:00
AIRFLOW_CTX_TRY_NUMBER=1
AIRFLOW_CTX_DAG_RUN_ID=scheduled__2024-04-30T00:00:00+00:00
[2024-05-01T14:12:00.754+0000] {python.py:177} INFO - Done. Returned value was: None
[2024-05-01T14:12:00.765+0000] {taskinstance.py:1406} INFO - Marking task as SUCCESS. dag_id=xcom_dag, task_id=t1, execution_date=20240430T000000, start_date=20240501T141200, end_date=20240501T141200
[2024-05-01T14:12:00.793+0000] {local_task_job.py:164} INFO - Task exited with return code 0
[2024-05-01T14:12:00.826+0000] {local_task_job.py:273} INFO - 1 downstream tasks scheduled from follow-on schedule check
