[2024-05-01T10:07:40.510+0000] {taskinstance.py:1165} INFO - Dependencies all met for <TaskInstance: producer.update_dataset scheduled__2024-04-30T00:00:00+00:00 [queued]>
[2024-05-01T10:07:40.525+0000] {taskinstance.py:1165} INFO - Dependencies all met for <TaskInstance: producer.update_dataset scheduled__2024-04-30T00:00:00+00:00 [queued]>
[2024-05-01T10:07:40.526+0000] {taskinstance.py:1362} INFO - 
--------------------------------------------------------------------------------
[2024-05-01T10:07:40.526+0000] {taskinstance.py:1363} INFO - Starting attempt 1 of 1
[2024-05-01T10:07:40.527+0000] {taskinstance.py:1364} INFO - 
--------------------------------------------------------------------------------
[2024-05-01T10:07:40.545+0000] {taskinstance.py:1383} INFO - Executing <Task(_PythonDecoratedOperator): update_dataset> on 2024-04-30 00:00:00+00:00
[2024-05-01T10:07:40.550+0000] {standard_task_runner.py:55} INFO - Started process 177 to run task
[2024-05-01T10:07:40.553+0000] {standard_task_runner.py:82} INFO - Running: ['***', 'tasks', 'run', 'producer', 'update_dataset', 'scheduled__2024-04-30T00:00:00+00:00', '--job-id', '26', '--raw', '--subdir', 'DAGS_FOLDER/producer.py', '--cfg-path', '/tmp/tmprobolmbo']
[2024-05-01T10:07:40.553+0000] {standard_task_runner.py:83} INFO - Job 26: Subtask update_dataset
[2024-05-01T10:07:40.622+0000] {task_command.py:376} INFO - Running <TaskInstance: producer.update_dataset scheduled__2024-04-30T00:00:00+00:00 [running]> on host 000ae8a63920
[2024-05-01T10:07:40.695+0000] {taskinstance.py:1592} INFO - Exporting the following env vars:
AIRFLOW_CTX_DAG_OWNER=***
AIRFLOW_CTX_DAG_ID=producer
AIRFLOW_CTX_TASK_ID=update_dataset
AIRFLOW_CTX_EXECUTION_DATE=2024-04-30T00:00:00+00:00
AIRFLOW_CTX_TRY_NUMBER=1
AIRFLOW_CTX_DAG_RUN_ID=scheduled__2024-04-30T00:00:00+00:00
[2024-05-01T10:07:40.697+0000] {python.py:177} INFO - Done. Returned value was: None
[2024-05-01T10:07:40.704+0000] {warnings.py:110} WARNING - /home/***/.local/lib/python3.7/site-packages/***/models/baseoperator.py:1390: RemovedInAirflow3Warning: Passing 'execution_date' to 'TaskInstance.xcom_push()' is deprecated.
  context['ti'].xcom_push(key=key, value=value, execution_date=execution_date)

[2024-05-01T10:07:40.730+0000] {taskinstance.py:1406} INFO - Marking task as SUCCESS. dag_id=producer, task_id=update_dataset, execution_date=20240430T000000, start_date=20240501T100740, end_date=20240501T100740
[2024-05-01T10:07:40.765+0000] {local_task_job.py:164} INFO - Task exited with return code 0
[2024-05-01T10:07:40.783+0000] {local_task_job.py:273} INFO - 0 downstream tasks scheduled from follow-on schedule check
[2024-05-01T10:54:12.543+0000] {taskinstance.py:1165} INFO - Dependencies all met for <TaskInstance: producer.update_dataset scheduled__2024-04-30T00:00:00+00:00 [queued]>
[2024-05-01T10:54:12.557+0000] {taskinstance.py:1165} INFO - Dependencies all met for <TaskInstance: producer.update_dataset scheduled__2024-04-30T00:00:00+00:00 [queued]>
[2024-05-01T10:54:12.557+0000] {taskinstance.py:1362} INFO - 
--------------------------------------------------------------------------------
[2024-05-01T10:54:12.557+0000] {taskinstance.py:1363} INFO - Starting attempt 1 of 1
[2024-05-01T10:54:12.558+0000] {taskinstance.py:1364} INFO - 
--------------------------------------------------------------------------------
[2024-05-01T10:54:12.572+0000] {taskinstance.py:1383} INFO - Executing <Task(_PythonDecoratedOperator): update_dataset> on 2024-04-30 00:00:00+00:00
[2024-05-01T10:54:12.577+0000] {standard_task_runner.py:55} INFO - Started process 202 to run task
[2024-05-01T10:54:12.580+0000] {standard_task_runner.py:82} INFO - Running: ['***', 'tasks', 'run', 'producer', 'update_dataset', 'scheduled__2024-04-30T00:00:00+00:00', '--job-id', '9', '--raw', '--subdir', 'DAGS_FOLDER/producer.py', '--cfg-path', '/tmp/tmpeeti6_ev']
[2024-05-01T10:54:12.581+0000] {standard_task_runner.py:83} INFO - Job 9: Subtask update_dataset
[2024-05-01T10:54:12.638+0000] {task_command.py:376} INFO - Running <TaskInstance: producer.update_dataset scheduled__2024-04-30T00:00:00+00:00 [running]> on host 3081978b9eea
[2024-05-01T10:54:12.709+0000] {taskinstance.py:1592} INFO - Exporting the following env vars:
AIRFLOW_CTX_DAG_OWNER=***
AIRFLOW_CTX_DAG_ID=producer
AIRFLOW_CTX_TASK_ID=update_dataset
AIRFLOW_CTX_EXECUTION_DATE=2024-04-30T00:00:00+00:00
AIRFLOW_CTX_TRY_NUMBER=1
AIRFLOW_CTX_DAG_RUN_ID=scheduled__2024-04-30T00:00:00+00:00
[2024-05-01T10:54:12.710+0000] {python.py:177} INFO - Done. Returned value was: None
[2024-05-01T10:54:12.714+0000] {warnings.py:110} WARNING - /home/***/.local/lib/python3.7/site-packages/***/models/baseoperator.py:1390: RemovedInAirflow3Warning: Passing 'execution_date' to 'TaskInstance.xcom_push()' is deprecated.
  context['ti'].xcom_push(key=key, value=value, execution_date=execution_date)

[2024-05-01T10:54:12.735+0000] {taskinstance.py:1406} INFO - Marking task as SUCCESS. dag_id=producer, task_id=update_dataset, execution_date=20240430T000000, start_date=20240501T105412, end_date=20240501T105412
[2024-05-01T10:54:12.795+0000] {local_task_job.py:164} INFO - Task exited with return code 0
[2024-05-01T10:54:12.814+0000] {local_task_job.py:273} INFO - 0 downstream tasks scheduled from follow-on schedule check
