[2024-05-01T14:02:51.646+0000] {taskinstance.py:1165} INFO - Dependencies all met for <TaskInstance: group_dag.transforms.transform_b manual__2024-05-01T14:02:27.444456+00:00 [queued]>
[2024-05-01T14:02:51.660+0000] {taskinstance.py:1165} INFO - Dependencies all met for <TaskInstance: group_dag.transforms.transform_b manual__2024-05-01T14:02:27.444456+00:00 [queued]>
[2024-05-01T14:02:51.661+0000] {taskinstance.py:1362} INFO - 
--------------------------------------------------------------------------------
[2024-05-01T14:02:51.662+0000] {taskinstance.py:1363} INFO - Starting attempt 1 of 1
[2024-05-01T14:02:51.662+0000] {taskinstance.py:1364} INFO - 
--------------------------------------------------------------------------------
[2024-05-01T14:02:51.681+0000] {taskinstance.py:1383} INFO - Executing <Task(BashOperator): transforms.transform_b> on 2024-05-01 14:02:27.444456+00:00
[2024-05-01T14:02:51.688+0000] {standard_task_runner.py:55} INFO - Started process 7370 to run task
[2024-05-01T14:02:51.691+0000] {standard_task_runner.py:82} INFO - Running: ['***', 'tasks', 'run', 'group_dag', 'transforms.transform_b', 'manual__2024-05-01T14:02:27.444456+00:00', '--job-id', '46', '--raw', '--subdir', 'DAGS_FOLDER/group_dag.py', '--cfg-path', '/tmp/tmp3b7l164i']
[2024-05-01T14:02:51.691+0000] {standard_task_runner.py:83} INFO - Job 46: Subtask transforms.transform_b
[2024-05-01T14:02:51.759+0000] {task_command.py:376} INFO - Running <TaskInstance: group_dag.transforms.transform_b manual__2024-05-01T14:02:27.444456+00:00 [running]> on host 2b3d48884d47
[2024-05-01T14:02:51.835+0000] {taskinstance.py:1592} INFO - Exporting the following env vars:
AIRFLOW_CTX_DAG_OWNER=***
AIRFLOW_CTX_DAG_ID=group_dag
AIRFLOW_CTX_TASK_ID=transforms.transform_b
AIRFLOW_CTX_EXECUTION_DATE=2024-05-01T14:02:27.444456+00:00
AIRFLOW_CTX_TRY_NUMBER=1
AIRFLOW_CTX_DAG_RUN_ID=manual__2024-05-01T14:02:27.444456+00:00
[2024-05-01T14:02:51.836+0000] {subprocess.py:63} INFO - Tmp dir root location: 
 /tmp
[2024-05-01T14:02:51.837+0000] {subprocess.py:75} INFO - Running command: ['/bin/bash', '-c', 'sleep 10']
[2024-05-01T14:02:51.850+0000] {subprocess.py:86} INFO - Output:
[2024-05-01T14:03:01.853+0000] {subprocess.py:97} INFO - Command exited with return code 0
[2024-05-01T14:03:01.893+0000] {taskinstance.py:1406} INFO - Marking task as SUCCESS. dag_id=group_dag, task_id=transforms.transform_b, execution_date=20240501T140227, start_date=20240501T140251, end_date=20240501T140301
[2024-05-01T14:03:01.945+0000] {local_task_job.py:164} INFO - Task exited with return code 0
[2024-05-01T14:03:01.970+0000] {local_task_job.py:273} INFO - 0 downstream tasks scheduled from follow-on schedule check
