[2024-05-01T13:45:51.247+0000] {taskinstance.py:1165} INFO - Dependencies all met for <TaskInstance: group_dag.downloads.download_a scheduled__2024-04-30T00:00:00+00:00 [queued]>
[2024-05-01T13:45:51.286+0000] {taskinstance.py:1165} INFO - Dependencies all met for <TaskInstance: group_dag.downloads.download_a scheduled__2024-04-30T00:00:00+00:00 [queued]>
[2024-05-01T13:45:51.287+0000] {taskinstance.py:1362} INFO - 
--------------------------------------------------------------------------------
[2024-05-01T13:45:51.287+0000] {taskinstance.py:1363} INFO - Starting attempt 1 of 1
[2024-05-01T13:45:51.288+0000] {taskinstance.py:1364} INFO - 
--------------------------------------------------------------------------------
[2024-05-01T13:45:51.320+0000] {taskinstance.py:1383} INFO - Executing <Task(BashOperator): download_a> on 2024-04-30 00:00:00+00:00
[2024-05-01T13:45:51.326+0000] {standard_task_runner.py:55} INFO - Started process 6526 to run task
[2024-05-01T13:45:51.330+0000] {standard_task_runner.py:82} INFO - Running: ['***', 'tasks', 'run', 'group_dag.downloads', 'download_a', 'scheduled__2024-04-30T00:00:00+00:00', '--job-id', '35', '--raw', '--subdir', 'DAGS_FOLDER/group_dag.py', '--cfg-path', '/tmp/tmppdgx84au']
[2024-05-01T13:45:51.331+0000] {standard_task_runner.py:83} INFO - Job 35: Subtask download_a
[2024-05-01T13:45:51.412+0000] {task_command.py:376} INFO - Running <TaskInstance: group_dag.downloads.download_a scheduled__2024-04-30T00:00:00+00:00 [running]> on host 2b3d48884d47
[2024-05-01T13:45:51.548+0000] {taskinstance.py:1592} INFO - Exporting the following env vars:
AIRFLOW_CTX_DAG_OWNER=***
AIRFLOW_CTX_DAG_ID=group_dag.downloads
AIRFLOW_CTX_TASK_ID=download_a
AIRFLOW_CTX_EXECUTION_DATE=2024-04-30T00:00:00+00:00
AIRFLOW_CTX_TRY_NUMBER=1
AIRFLOW_CTX_DAG_RUN_ID=scheduled__2024-04-30T00:00:00+00:00
[2024-05-01T13:45:51.554+0000] {subprocess.py:63} INFO - Tmp dir root location: 
 /tmp
[2024-05-01T13:45:51.568+0000] {subprocess.py:75} INFO - Running command: ['/bin/bash', '-c', 'sleep 10']
[2024-05-01T13:45:51.612+0000] {subprocess.py:86} INFO - Output:
[2024-05-01T13:46:01.657+0000] {subprocess.py:97} INFO - Command exited with return code 0
[2024-05-01T13:46:01.699+0000] {taskinstance.py:1406} INFO - Marking task as SUCCESS. dag_id=group_dag.downloads, task_id=download_a, execution_date=20240430T000000, start_date=20240501T134551, end_date=20240501T134601
[2024-05-01T13:46:01.777+0000] {local_task_job.py:164} INFO - Task exited with return code 0
[2024-05-01T13:46:01.809+0000] {local_task_job.py:273} INFO - 0 downstream tasks scheduled from follow-on schedule check
