[2024-05-01T14:02:39.997+0000] {taskinstance.py:1165} INFO - Dependencies all met for <TaskInstance: group_dag.check_files manual__2024-05-01T14:02:27.444456+00:00 [queued]>
[2024-05-01T14:02:40.006+0000] {taskinstance.py:1165} INFO - Dependencies all met for <TaskInstance: group_dag.check_files manual__2024-05-01T14:02:27.444456+00:00 [queued]>
[2024-05-01T14:02:40.006+0000] {taskinstance.py:1362} INFO - 
--------------------------------------------------------------------------------
[2024-05-01T14:02:40.006+0000] {taskinstance.py:1363} INFO - Starting attempt 1 of 1
[2024-05-01T14:02:40.007+0000] {taskinstance.py:1364} INFO - 
--------------------------------------------------------------------------------
[2024-05-01T14:02:40.020+0000] {taskinstance.py:1383} INFO - Executing <Task(BashOperator): check_files> on 2024-05-01 14:02:27.444456+00:00
[2024-05-01T14:02:40.025+0000] {standard_task_runner.py:55} INFO - Started process 7356 to run task
[2024-05-01T14:02:40.027+0000] {standard_task_runner.py:82} INFO - Running: ['***', 'tasks', 'run', 'group_dag', 'check_files', 'manual__2024-05-01T14:02:27.444456+00:00', '--job-id', '45', '--raw', '--subdir', 'DAGS_FOLDER/group_dag.py', '--cfg-path', '/tmp/tmp6gkeix29']
[2024-05-01T14:02:40.028+0000] {standard_task_runner.py:83} INFO - Job 45: Subtask check_files
[2024-05-01T14:02:40.082+0000] {task_command.py:376} INFO - Running <TaskInstance: group_dag.check_files manual__2024-05-01T14:02:27.444456+00:00 [running]> on host 2b3d48884d47
[2024-05-01T14:02:40.157+0000] {taskinstance.py:1592} INFO - Exporting the following env vars:
AIRFLOW_CTX_DAG_OWNER=***
AIRFLOW_CTX_DAG_ID=group_dag
AIRFLOW_CTX_TASK_ID=check_files
AIRFLOW_CTX_EXECUTION_DATE=2024-05-01T14:02:27.444456+00:00
AIRFLOW_CTX_TRY_NUMBER=1
AIRFLOW_CTX_DAG_RUN_ID=manual__2024-05-01T14:02:27.444456+00:00
[2024-05-01T14:02:40.158+0000] {subprocess.py:63} INFO - Tmp dir root location: 
 /tmp
[2024-05-01T14:02:40.160+0000] {subprocess.py:75} INFO - Running command: ['/bin/bash', '-c', 'sleep 10']
[2024-05-01T14:02:40.170+0000] {subprocess.py:86} INFO - Output:
[2024-05-01T14:02:50.172+0000] {subprocess.py:97} INFO - Command exited with return code 0
[2024-05-01T14:02:50.194+0000] {taskinstance.py:1406} INFO - Marking task as SUCCESS. dag_id=group_dag, task_id=check_files, execution_date=20240501T140227, start_date=20240501T140239, end_date=20240501T140250
[2024-05-01T14:02:50.221+0000] {local_task_job.py:164} INFO - Task exited with return code 0
[2024-05-01T14:02:50.240+0000] {local_task_job.py:273} INFO - 3 downstream tasks scheduled from follow-on schedule check
